{"name": "test_4", "status": "broken", "statusDetails": {"message": "selenium.common.exceptions.NoSuchElementException: Message: no such element: Unable to locate element: {\"method\":\"xpath\",\"selector\":\"//*[@aria-label=\"Remove this item\"]\"}\n  (Session info: chrome=131.0.6778.205); For documentation on this error, please visit: https://www.selenium.dev/documentation/webdriver/troubleshooting/errors#no-such-element-exception\nStacktrace:\n\tGetHandleVerifier [0x0123FD53+23747]\n\t(No symbol) [0x011C7D54]\n\t(No symbol) [0x0109BE53]\n\t(No symbol) [0x010DFCA6]\n\t(No symbol) [0x010DFEEB]\n\t(No symbol) [0x0111D852]\n\t(No symbol) [0x01101E44]\n\t(No symbol) [0x0111B41E]\n\t(No symbol) [0x01101B96]\n\t(No symbol) [0x010D3F3C]\n\t(No symbol) [0x010D4EBD]\n\tGetHandleVerifier [0x0151AC73+3017699]\n\tGetHandleVerifier [0x0152B93B+3086507]\n\tGetHandleVerifier [0x015240F2+3055714]\n\tGetHandleVerifier [0x012D5AF0+637536]\n\t(No symbol) [0x011D0A5D]\n\t(No symbol) [0x011CDA28]\n\t(No symbol) [0x011CDBC5]\n\t(No symbol) [0x011C07F0]\n\tBaseThreadInitThunk [0x7562FCC9+25]\n\tRtlGetAppContainerNamedObjectPath [0x7741809E+286]\n\tRtlGetAppContainerNamedObjectPath [0x7741806E+238]", "trace": "self = <final_work.TestValidate object at 0x000001AE6D43F020>\nget_driver = <selenium.webdriver.chrome.webdriver.WebDriver (session=\"ab56603fb9e9d4c36d781336ecbe2db4\")>\n\n    def test_4(self, get_driver):\n        with allure.step('Удаление пиццы из корзины'):\n            get_driver.get('https://pizzeria.skillbox.cc/')\n            time.sleep(3)\n        with allure.step('Добавить пиццу \"Ветчина и грибы\" в \"Корзину\"'):\n            get_driver.find_element(By.XPATH, '(//*[contains(@data-product_id, \"419\")])[2]').click()\n        with allure.step('Перейти в \"Корзину\"'):\n            get_driver.find_element(By.XPATH, '//*[@class=\"cart-contents wcmenucart-contents\"]').click()\n            time.sleep(3)\n        with allure.step('Нажать \"Удалить\" пиццу \"Ветчина и грибы\" из \"Корзина\"'):\n>           get_driver.find_element(By.XPATH, '//*[@aria-label=\"Remove this item\"]').click()\n\nfinal_work.py:101: \n_ _ _ _ _ _ _ _ _ _ _ _ _ _ _ _ _ _ _ _ _ _ _ _ _ _ _ _ _ _ _ _ _ _ _ _ _ _ _ _\n..\\..\\..\\..\\miniconda3\\Lib\\site-packages\\selenium\\webdriver\\remote\\webdriver.py:748: in find_element\n    return self.execute(Command.FIND_ELEMENT, {\"using\": by, \"value\": value})[\"value\"]\n..\\..\\..\\..\\miniconda3\\Lib\\site-packages\\selenium\\webdriver\\remote\\webdriver.py:354: in execute\n    self.error_handler.check_response(response)\n_ _ _ _ _ _ _ _ _ _ _ _ _ _ _ _ _ _ _ _ _ _ _ _ _ _ _ _ _ _ _ _ _ _ _ _ _ _ _ _\n\nself = <selenium.webdriver.remote.errorhandler.ErrorHandler object at 0x000001AE6D2267E0>\nresponse = {'status': 404, 'value': '{\"value\":{\"error\":\"no such element\",\"message\":\"no such element: Unable to locate element: {\\...\\n\\\\tRtlGetAppContainerNamedObjectPath [0x7741809E+286]\\\\n\\\\tRtlGetAppContainerNamedObjectPath [0x7741806E+238]\\\\n\"}}'}\n\n    def check_response(self, response: Dict[str, Any]) -> None:\n        \"\"\"Checks that a JSON response from the WebDriver does not have an\n        error.\n    \n        :Args:\n         - response - The JSON response from the WebDriver server as a dictionary\n           object.\n    \n        :Raises: If the response contains an error message.\n        \"\"\"\n        status = response.get(\"status\", None)\n        if not status or status == ErrorCode.SUCCESS:\n            return\n        value = None\n        message = response.get(\"message\", \"\")\n        screen: str = response.get(\"screen\", \"\")\n        stacktrace = None\n        if isinstance(status, int):\n            value_json = response.get(\"value\", None)\n            if value_json and isinstance(value_json, str):\n                import json\n    \n                try:\n                    value = json.loads(value_json)\n                    if len(value) == 1:\n                        value = value[\"value\"]\n                    status = value.get(\"error\", None)\n                    if not status:\n                        status = value.get(\"status\", ErrorCode.UNKNOWN_ERROR)\n                        message = value.get(\"value\") or value.get(\"message\")\n                        if not isinstance(message, str):\n                            value = message\n                            message = message.get(\"message\")\n                    else:\n                        message = value.get(\"message\", None)\n                except ValueError:\n                    pass\n    \n        exception_class: Type[WebDriverException]\n        e = ErrorCode()\n        error_codes = [item for item in dir(e) if not item.startswith(\"__\")]\n        for error_code in error_codes:\n            error_info = getattr(ErrorCode, error_code)\n            if isinstance(error_info, list) and status in error_info:\n                exception_class = getattr(ExceptionMapping, error_code, WebDriverException)\n                break\n        else:\n            exception_class = WebDriverException\n    \n        if not value:\n            value = response[\"value\"]\n        if isinstance(value, str):\n            raise exception_class(value)\n        if message == \"\" and \"message\" in value:\n            message = value[\"message\"]\n    \n        screen = None  # type: ignore[assignment]\n        if \"screen\" in value:\n            screen = value[\"screen\"]\n    \n        stacktrace = None\n        st_value = value.get(\"stackTrace\") or value.get(\"stacktrace\")\n        if st_value:\n            if isinstance(st_value, str):\n                stacktrace = st_value.split(\"\\n\")\n            else:\n                stacktrace = []\n                try:\n                    for frame in st_value:\n                        line = frame.get(\"lineNumber\", \"\")\n                        file = frame.get(\"fileName\", \"<anonymous>\")\n                        if line:\n                            file = f\"{file}:{line}\"\n                        meth = frame.get(\"methodName\", \"<anonymous>\")\n                        if \"className\" in frame:\n                            meth = f\"{frame['className']}.{meth}\"\n                        msg = \"    at %s (%s)\"\n                        msg = msg % (meth, file)\n                        stacktrace.append(msg)\n                except TypeError:\n                    pass\n        if exception_class == UnexpectedAlertPresentException:\n            alert_text = None\n            if \"data\" in value:\n                alert_text = value[\"data\"].get(\"text\")\n            elif \"alert\" in value:\n                alert_text = value[\"alert\"].get(\"text\")\n            raise exception_class(message, screen, stacktrace, alert_text)  # type: ignore[call-arg]  # mypy is not smart enough here\n>       raise exception_class(message, screen, stacktrace)\nE       selenium.common.exceptions.NoSuchElementException: Message: no such element: Unable to locate element: {\"method\":\"xpath\",\"selector\":\"//*[@aria-label=\"Remove this item\"]\"}\nE         (Session info: chrome=131.0.6778.205); For documentation on this error, please visit: https://www.selenium.dev/documentation/webdriver/troubleshooting/errors#no-such-element-exception\nE       Stacktrace:\nE       \tGetHandleVerifier [0x0123FD53+23747]\nE       \t(No symbol) [0x011C7D54]\nE       \t(No symbol) [0x0109BE53]\nE       \t(No symbol) [0x010DFCA6]\nE       \t(No symbol) [0x010DFEEB]\nE       \t(No symbol) [0x0111D852]\nE       \t(No symbol) [0x01101E44]\nE       \t(No symbol) [0x0111B41E]\nE       \t(No symbol) [0x01101B96]\nE       \t(No symbol) [0x010D3F3C]\nE       \t(No symbol) [0x010D4EBD]\nE       \tGetHandleVerifier [0x0151AC73+3017699]\nE       \tGetHandleVerifier [0x0152B93B+3086507]\nE       \tGetHandleVerifier [0x015240F2+3055714]\nE       \tGetHandleVerifier [0x012D5AF0+637536]\nE       \t(No symbol) [0x011D0A5D]\nE       \t(No symbol) [0x011CDA28]\nE       \t(No symbol) [0x011CDBC5]\nE       \t(No symbol) [0x011C07F0]\nE       \tBaseThreadInitThunk [0x7562FCC9+25]\nE       \tRtlGetAppContainerNamedObjectPath [0x7741809E+286]\nE       \tRtlGetAppContainerNamedObjectPath [0x7741806E+238]\n\n..\\..\\..\\..\\miniconda3\\Lib\\site-packages\\selenium\\webdriver\\remote\\errorhandler.py:229: NoSuchElementException"}, "steps": [{"name": "Удаление пиццы из корзины", "status": "passed", "start": 1736330024673, "stop": 1736330030773}, {"name": "Добавить пиццу \"Ветчина и грибы\" в \"Корзину\"", "status": "passed", "start": 1736330030773, "stop": 1736330030851}, {"name": "Перейти в \"Корзину\"", "status": "passed", "start": 1736330030851, "stop": 1736330035792}, {"name": "Нажать \"Удалить\" пиццу \"Ветчина и грибы\" из \"Корзина\"", "status": "broken", "statusDetails": {"message": "selenium.common.exceptions.NoSuchElementException: Message: no such element: Unable to locate element: {\"method\":\"xpath\",\"selector\":\"//*[@aria-label=\"Remove this item\"]\"}\n  (Session info: chrome=131.0.6778.205); For documentation on this error, please visit: https://www.selenium.dev/documentation/webdriver/troubleshooting/errors#no-such-element-exception\nStacktrace:\n\tGetHandleVerifier [0x0123FD53+23747]\n\t(No symbol) [0x011C7D54]\n\t(No symbol) [0x0109BE53]\n\t(No symbol) [0x010DFCA6]\n\t(No symbol) [0x010DFEEB]\n\t(No symbol) [0x0111D852]\n\t(No symbol) [0x01101E44]\n\t(No symbol) [0x0111B41E]\n\t(No symbol) [0x01101B96]\n\t(No symbol) [0x010D3F3C]\n\t(No symbol) [0x010D4EBD]\n\tGetHandleVerifier [0x0151AC73+3017699]\n\tGetHandleVerifier [0x0152B93B+3086507]\n\tGetHandleVerifier [0x015240F2+3055714]\n\tGetHandleVerifier [0x012D5AF0+637536]\n\t(No symbol) [0x011D0A5D]\n\t(No symbol) [0x011CDA28]\n\t(No symbol) [0x011CDBC5]\n\t(No symbol) [0x011C07F0]\n\tBaseThreadInitThunk [0x7562FCC9+25]\n\tRtlGetAppContainerNamedObjectPath [0x7741809E+286]\n\tRtlGetAppContainerNamedObjectPath [0x7741806E+238]\n\n", "trace": "  File \"C:\\Users\\Serjan777\\PycharmProjects\\pythonProject\\Tests\\homework\\final_work.py\", line 101, in test_4\n    get_driver.find_element(By.XPATH, '//*[@aria-label=\"Remove this item\"]').click()\n    ^^^^^^^^^^^^^^^^^^^^^^^^^^^^^^^^^^^^^^^^^^^^^^^^^^^^^^^^^^^^^^^^^^^^^^^^\n  File \"C:\\Users\\Serjan777\\miniconda3\\Lib\\site-packages\\selenium\\webdriver\\remote\\webdriver.py\", line 748, in find_element\n    return self.execute(Command.FIND_ELEMENT, {\"using\": by, \"value\": value})[\"value\"]\n           ^^^^^^^^^^^^^^^^^^^^^^^^^^^^^^^^^^^^^^^^^^^^^^^^^^^^^^^^^^^^^^^^^\n  File \"C:\\Users\\Serjan777\\miniconda3\\Lib\\site-packages\\selenium\\webdriver\\remote\\webdriver.py\", line 354, in execute\n    self.error_handler.check_response(response)\n  File \"C:\\Users\\Serjan777\\miniconda3\\Lib\\site-packages\\selenium\\webdriver\\remote\\errorhandler.py\", line 229, in check_response\n    raise exception_class(message, screen, stacktrace)\n"}, "start": 1736330035792, "stop": 1736330035811}], "attachments": [{"name": "log", "source": "86dc0eb3-5109-43d4-b212-fb95710479c9-attachment.txt", "type": "text/plain"}], "start": 1736330024673, "stop": 1736330035818, "uuid": "dcf4f2a0-eb49-4076-95b7-bcf8be891daa", "historyId": "91f0a595047c8c168c6abb72fd371ff0", "testCaseId": "91f0a595047c8c168c6abb72fd371ff0", "fullName": "Tests.homework.final_work.TestValidate#test_4", "labels": [{"name": "story", "value": "Waiting page load"}, {"name": "feature", "value": "Full Accounts"}, {"name": "parentSuite", "value": "Tests.homework"}, {"name": "suite", "value": "final_work"}, {"name": "subSuite", "value": "TestValidate"}, {"name": "host", "value": "Admin"}, {"name": "thread", "value": "2996-MainThread"}, {"name": "framework", "value": "pytest"}, {"name": "language", "value": "cpython3"}, {"name": "package", "value": "Tests.homework.final_work"}]}