{"name": "test_apply_promo_code_4", "status": "broken", "statusDetails": {"message": "selenium.common.exceptions.StaleElementReferenceException: Message: stale element reference: stale element not found in the current frame\n  (Session info: chrome=131.0.6778.265); For documentation on this error, please visit: https://www.selenium.dev/documentation/webdriver/troubleshooting/errors#stale-element-reference-exception\nStacktrace:\n\tGetHandleVerifier [0x00CBFD53+23747]\n\t(No symbol) [0x00C47D54]\n\t(No symbol) [0x00B1BE53]\n\t(No symbol) [0x00B2196B]\n\t(No symbol) [0x00B2387A]\n\t(No symbol) [0x00B238F7]\n\t(No symbol) [0x00B65B8E]\n\t(No symbol) [0x00B640C3]\n\t(No symbol) [0x00B61CCD]\n\t(No symbol) [0x00B61034]\n\t(No symbol) [0x00B55F57]\n\t(No symbol) [0x00B81DFC]\n\t(No symbol) [0x00B559A4]\n\t(No symbol) [0x00B82094]\n\t(No symbol) [0x00B9B41E]\n\t(No symbol) [0x00B81B96]\n\t(No symbol) [0x00B53F3C]\n\t(No symbol) [0x00B54EBD]\n\tGetHandleVerifier [0x00F9AC73+3017699]\n\tGetHandleVerifier [0x00FAB93B+3086507]\n\tGetHandleVerifier [0x00FA40F2+3055714]\n\tGetHandleVerifier [0x00D55AF0+637536]\n\t(No symbol) [0x00C50A5D]\n\t(No symbol) [0x00C4DA28]\n\t(No symbol) [0x00C4DBC5]\n\t(No symbol) [0x00C407F0]\n\tBaseThreadInitThunk [0x759CFCC9+25]\n\tRtlGetAppContainerNamedObjectPath [0x771C809E+286]\n\tRtlGetAppContainerNamedObjectPath [0x771C806E+238]", "trace": "self = <final_work.TestValidate object at 0x000001C5ED0A86E0>\nget_driver = <selenium.webdriver.chrome.webdriver.WebDriver (session=\"014cfceda3e2e66663162cc7415a0497\")>\n\n    def test_apply_promo_code_4(self, get_driver):\n        with allure.step('Авторизоваться на сайте'):\n            authorization(get_driver)\n            time.sleep(3)\n        with allure.step('Добавить пиццу \"Ветчина и грибы\" в \"Корзину\"'):\n            add_pizza(get_driver)\n            time.sleep(3)\n        with allure.step('Примените промокод GIVEMEHALYAVA.'):\n            get_driver.find_element(By.CSS_SELECTOR, '#coupon_code').send_keys('GIVEMEHALYAVA')\n            time.sleep(3)\n        with allure.step('Нажать \"Применить купон\"'):\n            get_driver.find_element(By.XPATH, '//*[@value=\"Применить купон\"]').click()\n            time.sleep(3)\n        with allure.step('Нажать \"Прейти к оплате\"'):\n            get_driver.find_element(By.XPATH, '//*[@class=\"checkout-button button alt wc-forward\"]').click()\n        with allure.step('Нажать чек-бокс \"I have read and agree to the website terms and conditions\"'):\n>           get_driver.find_element(By.XPATH, '//*[@class=\"woocommerce-form__input woocommerce-form__input-checkbox input-checkbox\"]').click()\n\nfinal_work.py:292: \n_ _ _ _ _ _ _ _ _ _ _ _ _ _ _ _ _ _ _ _ _ _ _ _ _ _ _ _ _ _ _ _ _ _ _ _ _ _ _ _\n..\\..\\..\\..\\miniconda3\\Lib\\site-packages\\selenium\\webdriver\\remote\\webelement.py:94: in click\n    self._execute(Command.CLICK_ELEMENT)\n..\\..\\..\\..\\miniconda3\\Lib\\site-packages\\selenium\\webdriver\\remote\\webelement.py:395: in _execute\n    return self._parent.execute(command, params)\n..\\..\\..\\..\\miniconda3\\Lib\\site-packages\\selenium\\webdriver\\remote\\webdriver.py:354: in execute\n    self.error_handler.check_response(response)\n_ _ _ _ _ _ _ _ _ _ _ _ _ _ _ _ _ _ _ _ _ _ _ _ _ _ _ _ _ _ _ _ _ _ _ _ _ _ _ _\n\nself = <selenium.webdriver.remote.errorhandler.ErrorHandler object at 0x000001C5ED0C6360>\nresponse = {'status': 404, 'value': '{\"value\":{\"error\":\"stale element reference\",\"message\":\"stale element reference: stale elemen...\\n\\\\tRtlGetAppContainerNamedObjectPath [0x771C809E+286]\\\\n\\\\tRtlGetAppContainerNamedObjectPath [0x771C806E+238]\\\\n\"}}'}\n\n    def check_response(self, response: Dict[str, Any]) -> None:\n        \"\"\"Checks that a JSON response from the WebDriver does not have an\n        error.\n    \n        :Args:\n         - response - The JSON response from the WebDriver server as a dictionary\n           object.\n    \n        :Raises: If the response contains an error message.\n        \"\"\"\n        status = response.get(\"status\", None)\n        if not status or status == ErrorCode.SUCCESS:\n            return\n        value = None\n        message = response.get(\"message\", \"\")\n        screen: str = response.get(\"screen\", \"\")\n        stacktrace = None\n        if isinstance(status, int):\n            value_json = response.get(\"value\", None)\n            if value_json and isinstance(value_json, str):\n                import json\n    \n                try:\n                    value = json.loads(value_json)\n                    if len(value) == 1:\n                        value = value[\"value\"]\n                    status = value.get(\"error\", None)\n                    if not status:\n                        status = value.get(\"status\", ErrorCode.UNKNOWN_ERROR)\n                        message = value.get(\"value\") or value.get(\"message\")\n                        if not isinstance(message, str):\n                            value = message\n                            message = message.get(\"message\")\n                    else:\n                        message = value.get(\"message\", None)\n                except ValueError:\n                    pass\n    \n        exception_class: Type[WebDriverException]\n        e = ErrorCode()\n        error_codes = [item for item in dir(e) if not item.startswith(\"__\")]\n        for error_code in error_codes:\n            error_info = getattr(ErrorCode, error_code)\n            if isinstance(error_info, list) and status in error_info:\n                exception_class = getattr(ExceptionMapping, error_code, WebDriverException)\n                break\n        else:\n            exception_class = WebDriverException\n    \n        if not value:\n            value = response[\"value\"]\n        if isinstance(value, str):\n            raise exception_class(value)\n        if message == \"\" and \"message\" in value:\n            message = value[\"message\"]\n    \n        screen = None  # type: ignore[assignment]\n        if \"screen\" in value:\n            screen = value[\"screen\"]\n    \n        stacktrace = None\n        st_value = value.get(\"stackTrace\") or value.get(\"stacktrace\")\n        if st_value:\n            if isinstance(st_value, str):\n                stacktrace = st_value.split(\"\\n\")\n            else:\n                stacktrace = []\n                try:\n                    for frame in st_value:\n                        line = frame.get(\"lineNumber\", \"\")\n                        file = frame.get(\"fileName\", \"<anonymous>\")\n                        if line:\n                            file = f\"{file}:{line}\"\n                        meth = frame.get(\"methodName\", \"<anonymous>\")\n                        if \"className\" in frame:\n                            meth = f\"{frame['className']}.{meth}\"\n                        msg = \"    at %s (%s)\"\n                        msg = msg % (meth, file)\n                        stacktrace.append(msg)\n                except TypeError:\n                    pass\n        if exception_class == UnexpectedAlertPresentException:\n            alert_text = None\n            if \"data\" in value:\n                alert_text = value[\"data\"].get(\"text\")\n            elif \"alert\" in value:\n                alert_text = value[\"alert\"].get(\"text\")\n            raise exception_class(message, screen, stacktrace, alert_text)  # type: ignore[call-arg]  # mypy is not smart enough here\n>       raise exception_class(message, screen, stacktrace)\nE       selenium.common.exceptions.StaleElementReferenceException: Message: stale element reference: stale element not found in the current frame\nE         (Session info: chrome=131.0.6778.265); For documentation on this error, please visit: https://www.selenium.dev/documentation/webdriver/troubleshooting/errors#stale-element-reference-exception\nE       Stacktrace:\nE       \tGetHandleVerifier [0x00CBFD53+23747]\nE       \t(No symbol) [0x00C47D54]\nE       \t(No symbol) [0x00B1BE53]\nE       \t(No symbol) [0x00B2196B]\nE       \t(No symbol) [0x00B2387A]\nE       \t(No symbol) [0x00B238F7]\nE       \t(No symbol) [0x00B65B8E]\nE       \t(No symbol) [0x00B640C3]\nE       \t(No symbol) [0x00B61CCD]\nE       \t(No symbol) [0x00B61034]\nE       \t(No symbol) [0x00B55F57]\nE       \t(No symbol) [0x00B81DFC]\nE       \t(No symbol) [0x00B559A4]\nE       \t(No symbol) [0x00B82094]\nE       \t(No symbol) [0x00B9B41E]\nE       \t(No symbol) [0x00B81B96]\nE       \t(No symbol) [0x00B53F3C]\nE       \t(No symbol) [0x00B54EBD]\nE       \tGetHandleVerifier [0x00F9AC73+3017699]\nE       \tGetHandleVerifier [0x00FAB93B+3086507]\nE       \tGetHandleVerifier [0x00FA40F2+3055714]\nE       \tGetHandleVerifier [0x00D55AF0+637536]\nE       \t(No symbol) [0x00C50A5D]\nE       \t(No symbol) [0x00C4DA28]\nE       \t(No symbol) [0x00C4DBC5]\nE       \t(No symbol) [0x00C407F0]\nE       \tBaseThreadInitThunk [0x759CFCC9+25]\nE       \tRtlGetAppContainerNamedObjectPath [0x771C809E+286]\nE       \tRtlGetAppContainerNamedObjectPath [0x771C806E+238]\n\n..\\..\\..\\..\\miniconda3\\Lib\\site-packages\\selenium\\webdriver\\remote\\errorhandler.py:229: StaleElementReferenceException"}, "steps": [{"name": "Авторизоваться на сайте", "status": "passed", "steps": [{"name": "Переход на страницу https://pizzeria.skillbox.cc/my-account/", "status": "passed", "start": 1737210032334, "stop": 1737210042413}, {"name": "В поле \"Имя пользователя\" ввести \"Andrey5\"", "status": "passed", "start": 1737210042413, "stop": 1737210045510}, {"name": "В поле \"Пароль\" ввести \"1Pizza5\"", "status": "passed", "start": 1737210045510, "stop": 1737210048582}, {"name": "Нажать \"Войти\"", "status": "passed", "start": 1737210048582, "stop": 1737210053167}], "start": 1737210032334, "stop": 1737210056167}, {"name": "Добавить пиццу \"Ветчина и грибы\" в \"Корзину\"", "status": "passed", "start": 1737210056167, "stop": 1737210071516}, {"name": "Примените промокод GIVEMEHALYAVA.", "status": "passed", "start": 1737210071516, "stop": 1737210074626}, {"name": "Нажать \"Применить купон\"", "status": "passed", "start": 1737210074626, "stop": 1737210077748}, {"name": "Нажать \"Прейти к оплате\"", "status": "passed", "start": 1737210077748, "stop": 1737210079149}, {"name": "Нажать чек-бокс \"I have read and agree to the website terms and conditions\"", "status": "broken", "statusDetails": {"message": "selenium.common.exceptions.StaleElementReferenceException: Message: stale element reference: stale element not found in the current frame\n  (Session info: chrome=131.0.6778.265); For documentation on this error, please visit: https://www.selenium.dev/documentation/webdriver/troubleshooting/errors#stale-element-reference-exception\nStacktrace:\n\tGetHandleVerifier [0x00CBFD53+23747]\n\t(No symbol) [0x00C47D54]\n\t(No symbol) [0x00B1BE53]\n\t(No symbol) [0x00B2196B]\n\t(No symbol) [0x00B2387A]\n\t(No symbol) [0x00B238F7]\n\t(No symbol) [0x00B65B8E]\n\t(No symbol) [0x00B640C3]\n\t(No symbol) [0x00B61CCD]\n\t(No symbol) [0x00B61034]\n\t(No symbol) [0x00B55F57]\n\t(No symbol) [0x00B81DFC]\n\t(No symbol) [0x00B559A4]\n\t(No symbol) [0x00B82094]\n\t(No symbol) [0x00B9B41E]\n\t(No symbol) [0x00B81B96]\n\t(No symbol) [0x00B53F3C]\n\t(No symbol) [0x00B54EBD]\n\tGetHandleVerifier [0x00F9AC73+3017699]\n\tGetHandleVerifier [0x00FAB93B+3086507]\n\tGetHandleVerifier [0x00FA40F2+3055714]\n\tGetHandleVerifier [0x00D55AF0+637536]\n\t(No symbol) [0x00C50A5D]\n\t(No symbol) [0x00C4DA28]\n\t(No symbol) [0x00C4DBC5]\n\t(No symbol) [0x00C407F0]\n\tBaseThreadInitThunk [0x759CFCC9+25]\n\tRtlGetAppContainerNamedObjectPath [0x771C809E+286]\n\tRtlGetAppContainerNamedObjectPath [0x771C806E+238]\n\n", "trace": "  File \"C:\\Users\\Serjan777\\PycharmProjects\\pythonProject\\Tests\\homework\\final_work.py\", line 292, in test_apply_promo_code_4\n    get_driver.find_element(By.XPATH, '//*[@class=\"woocommerce-form__input woocommerce-form__input-checkbox input-checkbox\"]').click()\n  File \"C:\\Users\\Serjan777\\miniconda3\\Lib\\site-packages\\selenium\\webdriver\\remote\\webelement.py\", line 94, in click\n    self._execute(Command.CLICK_ELEMENT)\n  File \"C:\\Users\\Serjan777\\miniconda3\\Lib\\site-packages\\selenium\\webdriver\\remote\\webelement.py\", line 395, in _execute\n    return self._parent.execute(command, params)\n           ^^^^^^^^^^^^^^^^^^^^^^^^^^^^^^^^^^^^^\n  File \"C:\\Users\\Serjan777\\miniconda3\\Lib\\site-packages\\selenium\\webdriver\\remote\\webdriver.py\", line 354, in execute\n    self.error_handler.check_response(response)\n  File \"C:\\Users\\Serjan777\\miniconda3\\Lib\\site-packages\\selenium\\webdriver\\remote\\errorhandler.py\", line 229, in check_response\n    raise exception_class(message, screen, stacktrace)\n"}, "start": 1737210079149, "stop": 1737210079379}], "attachments": [{"name": "log", "source": "e95d359b-dcd4-4e85-a893-e934f84bb1b1-attachment.txt", "type": "text/plain"}], "start": 1737210032334, "stop": 1737210079842, "uuid": "c25b313c-2285-490f-b586-dfeb8ed8e34d", "historyId": "a8e5b66c08009dc5236cbe0810b969b7", "testCaseId": "a8e5b66c08009dc5236cbe0810b969b7", "fullName": "Tests.homework.final_work.TestValidate#test_apply_promo_code_4", "labels": [{"name": "story", "value": "Waiting page load"}, {"name": "feature", "value": "Full Accounts"}, {"name": "parentSuite", "value": "Tests.homework"}, {"name": "suite", "value": "final_work"}, {"name": "subSuite", "value": "TestValidate"}, {"name": "host", "value": "Admin"}, {"name": "thread", "value": "13480-MainThread"}, {"name": "framework", "value": "pytest"}, {"name": "language", "value": "cpython3"}, {"name": "package", "value": "Tests.homework.final_work"}]}