{"name": "test_bonus_program_1", "status": "broken", "statusDetails": {"message": "selenium.common.exceptions.NoSuchElementException: Message: no such element: Unable to locate element: {\"method\":\"xpath\",\"selector\":\"//div/div/h3\"}\n  (Session info: chrome=131.0.6778.265); For documentation on this error, please visit: https://www.selenium.dev/documentation/webdriver/troubleshooting/errors#no-such-element-exception\nStacktrace:\n\tGetHandleVerifier [0x0087FD53+23747]\n\t(No symbol) [0x00807D54]\n\t(No symbol) [0x006DBE53]\n\t(No symbol) [0x0071FCA6]\n\t(No symbol) [0x0071FEEB]\n\t(No symbol) [0x0075D852]\n\t(No symbol) [0x00741E44]\n\t(No symbol) [0x0075B41E]\n\t(No symbol) [0x00741B96]\n\t(No symbol) [0x00713F3C]\n\t(No symbol) [0x00714EBD]\n\tGetHandleVerifier [0x00B5AC73+3017699]\n\tGetHandleVerifier [0x00B6B93B+3086507]\n\tGetHandleVerifier [0x00B640F2+3055714]\n\tGetHandleVerifier [0x00915AF0+637536]\n\t(No symbol) [0x00810A5D]\n\t(No symbol) [0x0080DA28]\n\t(No symbol) [0x0080DBC5]\n\t(No symbol) [0x008007F0]\n\tBaseThreadInitThunk [0x7680FCC9+25]\n\tRtlGetAppContainerNamedObjectPath [0x773C809E+286]\n\tRtlGetAppContainerNamedObjectPath [0x773C806E+238]", "trace": "self = <final_work.TestValidate object at 0x00000253CDF7E7B0>\nget_driver = <selenium.webdriver.chrome.webdriver.WebDriver (session=\"55fdf10a48cd5f2fa5860bb3043e4839\")>\n\n    def test_bonus_program_1(self, get_driver):\n        with allure.step('Перейдите на страницу бонусной программы: https://pizzeria.skillbox.cc/bonus/'):\n            get_driver.get('https://pizzeria.skillbox.cc/bonus/')\n            time.sleep(3)\n        with allure.step('Ввести \"Андрей\" в поле \"Имя\"'):\n            get_driver.find_element(By.CSS_SELECTOR, '#bonus_username').send_keys('Андрей')\n            time.sleep(3)\n        with allure.step('Ввести +79971234567 в поле \"Телефон\"'):\n            get_driver.find_element(By.CSS_SELECTOR, '#bonus_phone').send_keys('+79971234567')\n            time.sleep(3)\n        with allure.step('Нажать \"Оформить карту\"'):\n            get_driver.find_element(By.XPATH, '//*[@style=\"cursor:pointer;\"]').click()\n            time.sleep(3)\n            alert = Alert(get_driver)\n            alert.accept()\n        with allure.step('Убедиться в успешной активации данных.'):\n>           bonus = get_driver.find_element(By.XPATH, '//div/div/h3')\n\nfinal_work.py:336: \n_ _ _ _ _ _ _ _ _ _ _ _ _ _ _ _ _ _ _ _ _ _ _ _ _ _ _ _ _ _ _ _ _ _ _ _ _ _ _ _\n..\\..\\..\\..\\miniconda3\\Lib\\site-packages\\selenium\\webdriver\\remote\\webdriver.py:748: in find_element\n    return self.execute(Command.FIND_ELEMENT, {\"using\": by, \"value\": value})[\"value\"]\n..\\..\\..\\..\\miniconda3\\Lib\\site-packages\\selenium\\webdriver\\remote\\webdriver.py:354: in execute\n    self.error_handler.check_response(response)\n_ _ _ _ _ _ _ _ _ _ _ _ _ _ _ _ _ _ _ _ _ _ _ _ _ _ _ _ _ _ _ _ _ _ _ _ _ _ _ _\n\nself = <selenium.webdriver.remote.errorhandler.ErrorHandler object at 0x00000253CDF1B830>\nresponse = {'status': 404, 'value': '{\"value\":{\"error\":\"no such element\",\"message\":\"no such element: Unable to locate element: {\\...\\n\\\\tRtlGetAppContainerNamedObjectPath [0x773C809E+286]\\\\n\\\\tRtlGetAppContainerNamedObjectPath [0x773C806E+238]\\\\n\"}}'}\n\n    def check_response(self, response: Dict[str, Any]) -> None:\n        \"\"\"Checks that a JSON response from the WebDriver does not have an\n        error.\n    \n        :Args:\n         - response - The JSON response from the WebDriver server as a dictionary\n           object.\n    \n        :Raises: If the response contains an error message.\n        \"\"\"\n        status = response.get(\"status\", None)\n        if not status or status == ErrorCode.SUCCESS:\n            return\n        value = None\n        message = response.get(\"message\", \"\")\n        screen: str = response.get(\"screen\", \"\")\n        stacktrace = None\n        if isinstance(status, int):\n            value_json = response.get(\"value\", None)\n            if value_json and isinstance(value_json, str):\n                import json\n    \n                try:\n                    value = json.loads(value_json)\n                    if len(value) == 1:\n                        value = value[\"value\"]\n                    status = value.get(\"error\", None)\n                    if not status:\n                        status = value.get(\"status\", ErrorCode.UNKNOWN_ERROR)\n                        message = value.get(\"value\") or value.get(\"message\")\n                        if not isinstance(message, str):\n                            value = message\n                            message = message.get(\"message\")\n                    else:\n                        message = value.get(\"message\", None)\n                except ValueError:\n                    pass\n    \n        exception_class: Type[WebDriverException]\n        e = ErrorCode()\n        error_codes = [item for item in dir(e) if not item.startswith(\"__\")]\n        for error_code in error_codes:\n            error_info = getattr(ErrorCode, error_code)\n            if isinstance(error_info, list) and status in error_info:\n                exception_class = getattr(ExceptionMapping, error_code, WebDriverException)\n                break\n        else:\n            exception_class = WebDriverException\n    \n        if not value:\n            value = response[\"value\"]\n        if isinstance(value, str):\n            raise exception_class(value)\n        if message == \"\" and \"message\" in value:\n            message = value[\"message\"]\n    \n        screen = None  # type: ignore[assignment]\n        if \"screen\" in value:\n            screen = value[\"screen\"]\n    \n        stacktrace = None\n        st_value = value.get(\"stackTrace\") or value.get(\"stacktrace\")\n        if st_value:\n            if isinstance(st_value, str):\n                stacktrace = st_value.split(\"\\n\")\n            else:\n                stacktrace = []\n                try:\n                    for frame in st_value:\n                        line = frame.get(\"lineNumber\", \"\")\n                        file = frame.get(\"fileName\", \"<anonymous>\")\n                        if line:\n                            file = f\"{file}:{line}\"\n                        meth = frame.get(\"methodName\", \"<anonymous>\")\n                        if \"className\" in frame:\n                            meth = f\"{frame['className']}.{meth}\"\n                        msg = \"    at %s (%s)\"\n                        msg = msg % (meth, file)\n                        stacktrace.append(msg)\n                except TypeError:\n                    pass\n        if exception_class == UnexpectedAlertPresentException:\n            alert_text = None\n            if \"data\" in value:\n                alert_text = value[\"data\"].get(\"text\")\n            elif \"alert\" in value:\n                alert_text = value[\"alert\"].get(\"text\")\n            raise exception_class(message, screen, stacktrace, alert_text)  # type: ignore[call-arg]  # mypy is not smart enough here\n>       raise exception_class(message, screen, stacktrace)\nE       selenium.common.exceptions.NoSuchElementException: Message: no such element: Unable to locate element: {\"method\":\"xpath\",\"selector\":\"//div/div/h3\"}\nE         (Session info: chrome=131.0.6778.265); For documentation on this error, please visit: https://www.selenium.dev/documentation/webdriver/troubleshooting/errors#no-such-element-exception\nE       Stacktrace:\nE       \tGetHandleVerifier [0x0087FD53+23747]\nE       \t(No symbol) [0x00807D54]\nE       \t(No symbol) [0x006DBE53]\nE       \t(No symbol) [0x0071FCA6]\nE       \t(No symbol) [0x0071FEEB]\nE       \t(No symbol) [0x0075D852]\nE       \t(No symbol) [0x00741E44]\nE       \t(No symbol) [0x0075B41E]\nE       \t(No symbol) [0x00741B96]\nE       \t(No symbol) [0x00713F3C]\nE       \t(No symbol) [0x00714EBD]\nE       \tGetHandleVerifier [0x00B5AC73+3017699]\nE       \tGetHandleVerifier [0x00B6B93B+3086507]\nE       \tGetHandleVerifier [0x00B640F2+3055714]\nE       \tGetHandleVerifier [0x00915AF0+637536]\nE       \t(No symbol) [0x00810A5D]\nE       \t(No symbol) [0x0080DA28]\nE       \t(No symbol) [0x0080DBC5]\nE       \t(No symbol) [0x008007F0]\nE       \tBaseThreadInitThunk [0x7680FCC9+25]\nE       \tRtlGetAppContainerNamedObjectPath [0x773C809E+286]\nE       \tRtlGetAppContainerNamedObjectPath [0x773C806E+238]\n\n..\\..\\..\\..\\miniconda3\\Lib\\site-packages\\selenium\\webdriver\\remote\\errorhandler.py:229: NoSuchElementException"}, "steps": [{"name": "Перейдите на страницу бонусной программы: https://pizzeria.skillbox.cc/bonus/", "status": "passed", "start": 1737994023281, "stop": 1737994032349}, {"name": "Ввести \"Андрей\" в поле \"Имя\"", "status": "passed", "start": 1737994032349, "stop": 1737994035447}, {"name": "Ввести +79971234567 в поле \"Телефон\"", "status": "passed", "start": 1737994035447, "stop": 1737994038530}, {"name": "Нажать \"Оформить карту\"", "status": "passed", "start": 1737994038530, "stop": 1737994041637}, {"name": "Убедиться в успешной активации данных.", "status": "broken", "statusDetails": {"message": "selenium.common.exceptions.NoSuchElementException: Message: no such element: Unable to locate element: {\"method\":\"xpath\",\"selector\":\"//div/div/h3\"}\n  (Session info: chrome=131.0.6778.265); For documentation on this error, please visit: https://www.selenium.dev/documentation/webdriver/troubleshooting/errors#no-such-element-exception\nStacktrace:\n\tGetHandleVerifier [0x0087FD53+23747]\n\t(No symbol) [0x00807D54]\n\t(No symbol) [0x006DBE53]\n\t(No symbol) [0x0071FCA6]\n\t(No symbol) [0x0071FEEB]\n\t(No symbol) [0x0075D852]\n\t(No symbol) [0x00741E44]\n\t(No symbol) [0x0075B41E]\n\t(No symbol) [0x00741B96]\n\t(No symbol) [0x00713F3C]\n\t(No symbol) [0x00714EBD]\n\tGetHandleVerifier [0x00B5AC73+3017699]\n\tGetHandleVerifier [0x00B6B93B+3086507]\n\tGetHandleVerifier [0x00B640F2+3055714]\n\tGetHandleVerifier [0x00915AF0+637536]\n\t(No symbol) [0x00810A5D]\n\t(No symbol) [0x0080DA28]\n\t(No symbol) [0x0080DBC5]\n\t(No symbol) [0x008007F0]\n\tBaseThreadInitThunk [0x7680FCC9+25]\n\tRtlGetAppContainerNamedObjectPath [0x773C809E+286]\n\tRtlGetAppContainerNamedObjectPath [0x773C806E+238]\n\n", "trace": "  File \"C:\\Users\\Serjan777\\PycharmProjects\\pythonProject\\Tests\\homework\\final_work.py\", line 336, in test_bonus_program_1\n    bonus = get_driver.find_element(By.XPATH, '//div/div/h3')\n            ^^^^^^^^^^^^^^^^^^^^^^^^^^^^^^^^^^^^^^^^^^^^^^^^^\n  File \"C:\\Users\\Serjan777\\miniconda3\\Lib\\site-packages\\selenium\\webdriver\\remote\\webdriver.py\", line 748, in find_element\n    return self.execute(Command.FIND_ELEMENT, {\"using\": by, \"value\": value})[\"value\"]\n           ^^^^^^^^^^^^^^^^^^^^^^^^^^^^^^^^^^^^^^^^^^^^^^^^^^^^^^^^^^^^^^^^^\n  File \"C:\\Users\\Serjan777\\miniconda3\\Lib\\site-packages\\selenium\\webdriver\\remote\\webdriver.py\", line 354, in execute\n    self.error_handler.check_response(response)\n  File \"C:\\Users\\Serjan777\\miniconda3\\Lib\\site-packages\\selenium\\webdriver\\remote\\errorhandler.py\", line 229, in check_response\n    raise exception_class(message, screen, stacktrace)\n"}, "start": 1737994041637, "stop": 1737994041664}], "attachments": [{"name": "log", "source": "b3b31973-f2bb-478f-8f25-1b6ccdc57ee4-attachment.txt", "type": "text/plain"}], "start": 1737994023281, "stop": 1737994041680, "uuid": "050e81af-5277-469a-b320-f968d39870dc", "historyId": "2b74a194cfa77a9b6f7ef2807a833cf5", "testCaseId": "2b74a194cfa77a9b6f7ef2807a833cf5", "fullName": "Tests.homework.final_work.TestValidate#test_bonus_program_1", "labels": [{"name": "feature", "value": "Full Accounts"}, {"name": "story", "value": "Waiting page load"}, {"name": "parentSuite", "value": "Tests.homework"}, {"name": "suite", "value": "final_work"}, {"name": "subSuite", "value": "TestValidate"}, {"name": "host", "value": "Admin"}, {"name": "thread", "value": "9192-MainThread"}, {"name": "framework", "value": "pytest"}, {"name": "language", "value": "cpython3"}, {"name": "package", "value": "Tests.homework.final_work"}]}