{"name": "test_3", "status": "broken", "statusDetails": {"message": "selenium.common.exceptions.StaleElementReferenceException: Message: stale element reference: stale element not found in the current frame\n  (Session info: chrome=131.0.6778.265); For documentation on this error, please visit: https://www.selenium.dev/documentation/webdriver/troubleshooting/errors#stale-element-reference-exception\nStacktrace:\n\tGetHandleVerifier [0x006EFD53+23747]\n\t(No symbol) [0x00677D54]\n\t(No symbol) [0x0054BE53]\n\t(No symbol) [0x0055196B]\n\t(No symbol) [0x00553AEC]\n\t(No symbol) [0x005CC187]\n\t(No symbol) [0x005B1DFC]\n\t(No symbol) [0x005CB41E]\n\t(No symbol) [0x005B1B96]\n\t(No symbol) [0x00583F3C]\n\t(No symbol) [0x00584EBD]\n\tGetHandleVerifier [0x009CAC73+3017699]\n\tGetHandleVerifier [0x009DB93B+3086507]\n\tGetHandleVerifier [0x009D40F2+3055714]\n\tGetHandleVerifier [0x00785AF0+637536]\n\t(No symbol) [0x00680A5D]\n\t(No symbol) [0x0067DA28]\n\t(No symbol) [0x0067DBC5]\n\t(No symbol) [0x006707F0]\n\tBaseThreadInitThunk [0x764CFCC9+25]\n\tRtlGetAppContainerNamedObjectPath [0x7722809E+286]\n\tRtlGetAppContainerNamedObjectPath [0x7722806E+238]", "trace": "self = <final_work.TestValidate object at 0x000001A8DCA0C920>\nget_driver = <selenium.webdriver.chrome.webdriver.WebDriver (session=\"b156c8491456def1d5aef8ef236814c5\")>\n\n    def test_3(self, get_driver):\n        with allure.step('Переход на сайт https://pizzeria.skillbox.cc/'):\n            get_driver.get('https://pizzeria.skillbox.cc/')\n            time.sleep(3)\n        with allure.step('Добавить пиццу \"Рай\" «В корзину».'):\n            get_driver.find_element(By.XPATH, '(//*[contains(@data-product_id, \"421\")])[2]').click()\n            time.sleep(3)\n        with allure.step('Нажать «Корзина».'):\n            get_driver.find_element(By.XPATH, '//*[@class=\"cart-contents wcmenucart-contents\"]').click()\n            time.sleep(3)\n        with allure.step('Нажать на кнопку \"Кол-во\" и увеличить на +1.'):\n            expected_value = '2'\n            el = get_driver.find_element(By.XPATH, '//*[@value=\"1\"]')\n            el.clear()\n            time.sleep(3)\n            el.send_keys(expected_value)\n        with allure.step('Нажать на кнопку «Обновить корзину».'):\n            get_driver.find_element(By.XPATH, '(//*[@class=\"button\"])[2]').click()\n            time.sleep(3)\n        with allure.step('Проверить, что количество пиццы \"Рай\" в \"Корзине\" = 2.'):\n>           assert el.get_attribute('value') == '2'\n\nfinal_work.py:90: \n_ _ _ _ _ _ _ _ _ _ _ _ _ _ _ _ _ _ _ _ _ _ _ _ _ _ _ _ _ _ _ _ _ _ _ _ _ _ _ _\n..\\..\\..\\..\\miniconda3\\Lib\\site-packages\\selenium\\webdriver\\remote\\webelement.py:178: in get_attribute\n    attribute_value = self.parent.execute_script(\n..\\..\\..\\..\\miniconda3\\Lib\\site-packages\\selenium\\webdriver\\remote\\webdriver.py:414: in execute_script\n    return self.execute(command, {\"script\": script, \"args\": converted_args})[\"value\"]\n..\\..\\..\\..\\miniconda3\\Lib\\site-packages\\selenium\\webdriver\\remote\\webdriver.py:354: in execute\n    self.error_handler.check_response(response)\n_ _ _ _ _ _ _ _ _ _ _ _ _ _ _ _ _ _ _ _ _ _ _ _ _ _ _ _ _ _ _ _ _ _ _ _ _ _ _ _\n\nself = <selenium.webdriver.remote.errorhandler.ErrorHandler object at 0x000001A8DC9BDEB0>\nresponse = {'status': 404, 'value': '{\"value\":{\"error\":\"stale element reference\",\"message\":\"stale element reference: stale elemen...\\n\\\\tRtlGetAppContainerNamedObjectPath [0x7722809E+286]\\\\n\\\\tRtlGetAppContainerNamedObjectPath [0x7722806E+238]\\\\n\"}}'}\n\n    def check_response(self, response: Dict[str, Any]) -> None:\n        \"\"\"Checks that a JSON response from the WebDriver does not have an\n        error.\n    \n        :Args:\n         - response - The JSON response from the WebDriver server as a dictionary\n           object.\n    \n        :Raises: If the response contains an error message.\n        \"\"\"\n        status = response.get(\"status\", None)\n        if not status or status == ErrorCode.SUCCESS:\n            return\n        value = None\n        message = response.get(\"message\", \"\")\n        screen: str = response.get(\"screen\", \"\")\n        stacktrace = None\n        if isinstance(status, int):\n            value_json = response.get(\"value\", None)\n            if value_json and isinstance(value_json, str):\n                import json\n    \n                try:\n                    value = json.loads(value_json)\n                    if len(value) == 1:\n                        value = value[\"value\"]\n                    status = value.get(\"error\", None)\n                    if not status:\n                        status = value.get(\"status\", ErrorCode.UNKNOWN_ERROR)\n                        message = value.get(\"value\") or value.get(\"message\")\n                        if not isinstance(message, str):\n                            value = message\n                            message = message.get(\"message\")\n                    else:\n                        message = value.get(\"message\", None)\n                except ValueError:\n                    pass\n    \n        exception_class: Type[WebDriverException]\n        e = ErrorCode()\n        error_codes = [item for item in dir(e) if not item.startswith(\"__\")]\n        for error_code in error_codes:\n            error_info = getattr(ErrorCode, error_code)\n            if isinstance(error_info, list) and status in error_info:\n                exception_class = getattr(ExceptionMapping, error_code, WebDriverException)\n                break\n        else:\n            exception_class = WebDriverException\n    \n        if not value:\n            value = response[\"value\"]\n        if isinstance(value, str):\n            raise exception_class(value)\n        if message == \"\" and \"message\" in value:\n            message = value[\"message\"]\n    \n        screen = None  # type: ignore[assignment]\n        if \"screen\" in value:\n            screen = value[\"screen\"]\n    \n        stacktrace = None\n        st_value = value.get(\"stackTrace\") or value.get(\"stacktrace\")\n        if st_value:\n            if isinstance(st_value, str):\n                stacktrace = st_value.split(\"\\n\")\n            else:\n                stacktrace = []\n                try:\n                    for frame in st_value:\n                        line = frame.get(\"lineNumber\", \"\")\n                        file = frame.get(\"fileName\", \"<anonymous>\")\n                        if line:\n                            file = f\"{file}:{line}\"\n                        meth = frame.get(\"methodName\", \"<anonymous>\")\n                        if \"className\" in frame:\n                            meth = f\"{frame['className']}.{meth}\"\n                        msg = \"    at %s (%s)\"\n                        msg = msg % (meth, file)\n                        stacktrace.append(msg)\n                except TypeError:\n                    pass\n        if exception_class == UnexpectedAlertPresentException:\n            alert_text = None\n            if \"data\" in value:\n                alert_text = value[\"data\"].get(\"text\")\n            elif \"alert\" in value:\n                alert_text = value[\"alert\"].get(\"text\")\n            raise exception_class(message, screen, stacktrace, alert_text)  # type: ignore[call-arg]  # mypy is not smart enough here\n>       raise exception_class(message, screen, stacktrace)\nE       selenium.common.exceptions.StaleElementReferenceException: Message: stale element reference: stale element not found in the current frame\nE         (Session info: chrome=131.0.6778.265); For documentation on this error, please visit: https://www.selenium.dev/documentation/webdriver/troubleshooting/errors#stale-element-reference-exception\nE       Stacktrace:\nE       \tGetHandleVerifier [0x006EFD53+23747]\nE       \t(No symbol) [0x00677D54]\nE       \t(No symbol) [0x0054BE53]\nE       \t(No symbol) [0x0055196B]\nE       \t(No symbol) [0x00553AEC]\nE       \t(No symbol) [0x005CC187]\nE       \t(No symbol) [0x005B1DFC]\nE       \t(No symbol) [0x005CB41E]\nE       \t(No symbol) [0x005B1B96]\nE       \t(No symbol) [0x00583F3C]\nE       \t(No symbol) [0x00584EBD]\nE       \tGetHandleVerifier [0x009CAC73+3017699]\nE       \tGetHandleVerifier [0x009DB93B+3086507]\nE       \tGetHandleVerifier [0x009D40F2+3055714]\nE       \tGetHandleVerifier [0x00785AF0+637536]\nE       \t(No symbol) [0x00680A5D]\nE       \t(No symbol) [0x0067DA28]\nE       \t(No symbol) [0x0067DBC5]\nE       \t(No symbol) [0x006707F0]\nE       \tBaseThreadInitThunk [0x764CFCC9+25]\nE       \tRtlGetAppContainerNamedObjectPath [0x7722809E+286]\nE       \tRtlGetAppContainerNamedObjectPath [0x7722806E+238]\n\n..\\..\\..\\..\\miniconda3\\Lib\\site-packages\\selenium\\webdriver\\remote\\errorhandler.py:229: StaleElementReferenceException"}, "steps": [{"name": "Переход на сайт https://pizzeria.skillbox.cc/", "status": "passed", "start": 1736869572855, "stop": 1736869581195}, {"name": "Добавить пиццу \"Рай\" «В корзину».", "status": "passed", "start": 1736869581195, "stop": 1736869584276}, {"name": "Нажать «Корзина».", "status": "passed", "start": 1736869584276, "stop": 1736869588859}, {"name": "Нажать на кнопку \"Кол-во\" и увеличить на +1.", "status": "passed", "start": 1736869588859, "stop": 1736869591973}, {"name": "Нажать на кнопку «Обновить корзину».", "status": "passed", "start": 1736869591973, "stop": 1736869595060}, {"name": "Проверить, что количество пиццы \"Рай\" в \"Корзине\" = 2.", "status": "broken", "statusDetails": {"message": "selenium.common.exceptions.StaleElementReferenceException: Message: stale element reference: stale element not found in the current frame\n  (Session info: chrome=131.0.6778.265); For documentation on this error, please visit: https://www.selenium.dev/documentation/webdriver/troubleshooting/errors#stale-element-reference-exception\nStacktrace:\n\tGetHandleVerifier [0x006EFD53+23747]\n\t(No symbol) [0x00677D54]\n\t(No symbol) [0x0054BE53]\n\t(No symbol) [0x0055196B]\n\t(No symbol) [0x00553AEC]\n\t(No symbol) [0x005CC187]\n\t(No symbol) [0x005B1DFC]\n\t(No symbol) [0x005CB41E]\n\t(No symbol) [0x005B1B96]\n\t(No symbol) [0x00583F3C]\n\t(No symbol) [0x00584EBD]\n\tGetHandleVerifier [0x009CAC73+3017699]\n\tGetHandleVerifier [0x009DB93B+3086507]\n\tGetHandleVerifier [0x009D40F2+3055714]\n\tGetHandleVerifier [0x00785AF0+637536]\n\t(No symbol) [0x00680A5D]\n\t(No symbol) [0x0067DA28]\n\t(No symbol) [0x0067DBC5]\n\t(No symbol) [0x006707F0]\n\tBaseThreadInitThunk [0x764CFCC9+25]\n\tRtlGetAppContainerNamedObjectPath [0x7722809E+286]\n\tRtlGetAppContainerNamedObjectPath [0x7722806E+238]\n\n", "trace": "  File \"C:\\Users\\Serjan777\\PycharmProjects\\pythonProject\\Tests\\homework\\final_work.py\", line 90, in test_3\n    assert el.get_attribute('value') == '2'\n  File \"C:\\Users\\Serjan777\\miniconda3\\Lib\\site-packages\\selenium\\webdriver\\remote\\webelement.py\", line 178, in get_attribute\n    attribute_value = self.parent.execute_script(\n                      ^^^^^^^^^^^^^^^^^^^^^^^^^^^\n  File \"C:\\Users\\Serjan777\\miniconda3\\Lib\\site-packages\\selenium\\webdriver\\remote\\webdriver.py\", line 414, in execute_script\n    return self.execute(command, {\"script\": script, \"args\": converted_args})[\"value\"]\n           ^^^^^^^^^^^^^^^^^^^^^^^^^^^^^^^^^^^^^^^^^^^^^^^^^^^^^^^^^^^^^^^^^\n  File \"C:\\Users\\Serjan777\\miniconda3\\Lib\\site-packages\\selenium\\webdriver\\remote\\webdriver.py\", line 354, in execute\n    self.error_handler.check_response(response)\n  File \"C:\\Users\\Serjan777\\miniconda3\\Lib\\site-packages\\selenium\\webdriver\\remote\\errorhandler.py\", line 229, in check_response\n    raise exception_class(message, screen, stacktrace)\n"}, "start": 1736869595060, "stop": 1736869595105}], "attachments": [{"name": "log", "source": "0a8a302f-163e-400b-bc7d-181f81058dd8-attachment.txt", "type": "text/plain"}], "start": 1736869572855, "stop": 1736869595114, "uuid": "a6c1f31a-2bc1-4bbe-a625-b19804bf158d", "historyId": "07f37449491d6e3b665647b6ed41b086", "testCaseId": "07f37449491d6e3b665647b6ed41b086", "fullName": "Tests.homework.final_work.TestValidate#test_3", "labels": [{"name": "feature", "value": "Full Accounts"}, {"name": "story", "value": "Waiting page load"}, {"name": "parentSuite", "value": "Tests.homework"}, {"name": "suite", "value": "final_work"}, {"name": "subSuite", "value": "TestValidate"}, {"name": "host", "value": "Admin"}, {"name": "thread", "value": "144-MainThread"}, {"name": "framework", "value": "pytest"}, {"name": "language", "value": "cpython3"}, {"name": "package", "value": "Tests.homework.final_work"}]}