{"name": "test_1", "status": "broken", "statusDetails": {"message": "selenium.common.exceptions.NoSuchElementException: Message: no such element: Unable to locate element: {\"method\":\"css selector\",\"selector\":\"#repository-input\"}\n  (Session info: chrome=131.0.6778.86); For documentation on this error, please visit: https://www.selenium.dev/documentation/webdriver/troubleshooting/errors#no-such-element-exception\nStacktrace:\n\tGetHandleVerifier [0x003833E3+25059]\n\t(No symbol) [0x0030CDE4]\n\t(No symbol) [0x001EBEC3]\n\t(No symbol) [0x0022FD86]\n\t(No symbol) [0x0022FFCB]\n\t(No symbol) [0x0026D952]\n\t(No symbol) [0x00251F44]\n\t(No symbol) [0x0026B51E]\n\t(No symbol) [0x00251C96]\n\t(No symbol) [0x00223FAC]\n\t(No symbol) [0x00224F3D]\n\tGetHandleVerifier [0x00675543+3113795]\n\tGetHandleVerifier [0x0068A20A+3198986]\n\tGetHandleVerifier [0x006829E2+3168226]\n\tGetHandleVerifier [0x00423250+680016]\n\t(No symbol) [0x0031572D]\n\t(No symbol) [0x003129D8]\n\t(No symbol) [0x00312B75]\n\t(No symbol) [0x003057D0]\n\tBaseThreadInitThunk [0x75CDFCC9+25]\n\tRtlGetAppContainerNamedObjectPath [0x76F8809E+286]\n\tRtlGetAppContainerNamedObjectPath [0x76F8806E+238]", "trace": "self = <module_5.TestValidate object at 0x0000026F95293DD0>\nget_driver = <selenium.webdriver.chrome.webdriver.WebDriver (session=\"a9c1a60707ca4ab614d849d6fd506c08\")>\ngo_to_github = None\n\n    def test_1(self, get_driver, go_to_github):\n        driver = get_driver\n        expected_value = ' bug' or ' Bug'\n    \n        #driver.get('https://github.com/microsoft/vscode/issues')\n        time.sleep(5)\n>       driver.find_element(By.CSS_SELECTOR, '#repository-input').send_keys('in:title')\n\nmodule_5.py:20: \n_ _ _ _ _ _ _ _ _ _ _ _ _ _ _ _ _ _ _ _ _ _ _ _ _ _ _ _ _ _ _ _ _ _ _ _ _ _ _ _\n..\\..\\..\\..\\miniconda3\\Lib\\site-packages\\selenium\\webdriver\\remote\\webdriver.py:748: in find_element\n    return self.execute(Command.FIND_ELEMENT, {\"using\": by, \"value\": value})[\"value\"]\n..\\..\\..\\..\\miniconda3\\Lib\\site-packages\\selenium\\webdriver\\remote\\webdriver.py:354: in execute\n    self.error_handler.check_response(response)\n_ _ _ _ _ _ _ _ _ _ _ _ _ _ _ _ _ _ _ _ _ _ _ _ _ _ _ _ _ _ _ _ _ _ _ _ _ _ _ _\n\nself = <selenium.webdriver.remote.errorhandler.ErrorHandler object at 0x0000026F937D5640>\nresponse = {'status': 404, 'value': '{\"value\":{\"error\":\"no such element\",\"message\":\"no such element: Unable to locate element: {\\...\\n\\\\tRtlGetAppContainerNamedObjectPath [0x76F8809E+286]\\\\n\\\\tRtlGetAppContainerNamedObjectPath [0x76F8806E+238]\\\\n\"}}'}\n\n    def check_response(self, response: Dict[str, Any]) -> None:\n        \"\"\"Checks that a JSON response from the WebDriver does not have an\n        error.\n    \n        :Args:\n         - response - The JSON response from the WebDriver server as a dictionary\n           object.\n    \n        :Raises: If the response contains an error message.\n        \"\"\"\n        status = response.get(\"status\", None)\n        if not status or status == ErrorCode.SUCCESS:\n            return\n        value = None\n        message = response.get(\"message\", \"\")\n        screen: str = response.get(\"screen\", \"\")\n        stacktrace = None\n        if isinstance(status, int):\n            value_json = response.get(\"value\", None)\n            if value_json and isinstance(value_json, str):\n                import json\n    \n                try:\n                    value = json.loads(value_json)\n                    if len(value) == 1:\n                        value = value[\"value\"]\n                    status = value.get(\"error\", None)\n                    if not status:\n                        status = value.get(\"status\", ErrorCode.UNKNOWN_ERROR)\n                        message = value.get(\"value\") or value.get(\"message\")\n                        if not isinstance(message, str):\n                            value = message\n                            message = message.get(\"message\")\n                    else:\n                        message = value.get(\"message\", None)\n                except ValueError:\n                    pass\n    \n        exception_class: Type[WebDriverException]\n        e = ErrorCode()\n        error_codes = [item for item in dir(e) if not item.startswith(\"__\")]\n        for error_code in error_codes:\n            error_info = getattr(ErrorCode, error_code)\n            if isinstance(error_info, list) and status in error_info:\n                exception_class = getattr(ExceptionMapping, error_code, WebDriverException)\n                break\n        else:\n            exception_class = WebDriverException\n    \n        if not value:\n            value = response[\"value\"]\n        if isinstance(value, str):\n            raise exception_class(value)\n        if message == \"\" and \"message\" in value:\n            message = value[\"message\"]\n    \n        screen = None  # type: ignore[assignment]\n        if \"screen\" in value:\n            screen = value[\"screen\"]\n    \n        stacktrace = None\n        st_value = value.get(\"stackTrace\") or value.get(\"stacktrace\")\n        if st_value:\n            if isinstance(st_value, str):\n                stacktrace = st_value.split(\"\\n\")\n            else:\n                stacktrace = []\n                try:\n                    for frame in st_value:\n                        line = frame.get(\"lineNumber\", \"\")\n                        file = frame.get(\"fileName\", \"<anonymous>\")\n                        if line:\n                            file = f\"{file}:{line}\"\n                        meth = frame.get(\"methodName\", \"<anonymous>\")\n                        if \"className\" in frame:\n                            meth = f\"{frame['className']}.{meth}\"\n                        msg = \"    at %s (%s)\"\n                        msg = msg % (meth, file)\n                        stacktrace.append(msg)\n                except TypeError:\n                    pass\n        if exception_class == UnexpectedAlertPresentException:\n            alert_text = None\n            if \"data\" in value:\n                alert_text = value[\"data\"].get(\"text\")\n            elif \"alert\" in value:\n                alert_text = value[\"alert\"].get(\"text\")\n            raise exception_class(message, screen, stacktrace, alert_text)  # type: ignore[call-arg]  # mypy is not smart enough here\n>       raise exception_class(message, screen, stacktrace)\nE       selenium.common.exceptions.NoSuchElementException: Message: no such element: Unable to locate element: {\"method\":\"css selector\",\"selector\":\"#repository-input\"}\nE         (Session info: chrome=131.0.6778.86); For documentation on this error, please visit: https://www.selenium.dev/documentation/webdriver/troubleshooting/errors#no-such-element-exception\nE       Stacktrace:\nE       \tGetHandleVerifier [0x003833E3+25059]\nE       \t(No symbol) [0x0030CDE4]\nE       \t(No symbol) [0x001EBEC3]\nE       \t(No symbol) [0x0022FD86]\nE       \t(No symbol) [0x0022FFCB]\nE       \t(No symbol) [0x0026D952]\nE       \t(No symbol) [0x00251F44]\nE       \t(No symbol) [0x0026B51E]\nE       \t(No symbol) [0x00251C96]\nE       \t(No symbol) [0x00223FAC]\nE       \t(No symbol) [0x00224F3D]\nE       \tGetHandleVerifier [0x00675543+3113795]\nE       \tGetHandleVerifier [0x0068A20A+3198986]\nE       \tGetHandleVerifier [0x006829E2+3168226]\nE       \tGetHandleVerifier [0x00423250+680016]\nE       \t(No symbol) [0x0031572D]\nE       \t(No symbol) [0x003129D8]\nE       \t(No symbol) [0x00312B75]\nE       \t(No symbol) [0x003057D0]\nE       \tBaseThreadInitThunk [0x75CDFCC9+25]\nE       \tRtlGetAppContainerNamedObjectPath [0x76F8809E+286]\nE       \tRtlGetAppContainerNamedObjectPath [0x76F8806E+238]\n\n..\\..\\..\\..\\miniconda3\\Lib\\site-packages\\selenium\\webdriver\\remote\\errorhandler.py:229: NoSuchElementException"}, "start": 1733057817422, "stop": 1733057822442, "uuid": "1b73d427-eeab-4401-aafb-760e117e2829", "historyId": "8497edc69ccffae71367a04ec244b0f1", "testCaseId": "8497edc69ccffae71367a04ec244b0f1", "fullName": "Tests.homework.module_5.TestValidate#test_1", "labels": [{"name": "parentSuite", "value": "Tests.homework"}, {"name": "suite", "value": "module_5"}, {"name": "subSuite", "value": "TestValidate"}, {"name": "host", "value": "Admin"}, {"name": "thread", "value": "20624-MainThread"}, {"name": "framework", "value": "pytest"}, {"name": "language", "value": "cpython3"}, {"name": "package", "value": "Tests.homework.module_5"}]}