{"name": "test_8", "status": "broken", "statusDetails": {"message": "selenium.common.exceptions.NoSuchElementException: Message: no such element: Unable to locate element: {\"method\":\"css selector\",\"selector\":\"#reg_username\"}\n  (Session info: chrome=131.0.6778.265); For documentation on this error, please visit: https://www.selenium.dev/documentation/webdriver/troubleshooting/errors#no-such-element-exception\nStacktrace:\n\tGetHandleVerifier [0x0095FD53+23747]\n\t(No symbol) [0x008E7D54]\n\t(No symbol) [0x007BBE53]\n\t(No symbol) [0x007FFCA6]\n\t(No symbol) [0x007FFEEB]\n\t(No symbol) [0x0083D852]\n\t(No symbol) [0x00821E44]\n\t(No symbol) [0x0083B41E]\n\t(No symbol) [0x00821B96]\n\t(No symbol) [0x007F3F3C]\n\t(No symbol) [0x007F4EBD]\n\tGetHandleVerifier [0x00C3AC73+3017699]\n\tGetHandleVerifier [0x00C4B93B+3086507]\n\tGetHandleVerifier [0x00C440F2+3055714]\n\tGetHandleVerifier [0x009F5AF0+637536]\n\t(No symbol) [0x008F0A5D]\n\t(No symbol) [0x008EDA28]\n\t(No symbol) [0x008EDBC5]\n\t(No symbol) [0x008E07F0]\n\tBaseThreadInitThunk [0x7562FCC9+25]\n\tRtlGetAppContainerNamedObjectPath [0x7741809E+286]\n\tRtlGetAppContainerNamedObjectPath [0x7741806E+238]", "trace": "self = <final_work.TestValidate object at 0x00000275A5B259A0>\nget_driver = <selenium.webdriver.chrome.webdriver.WebDriver (session=\"24accf1674fae439a1987d31dc2dbbc7\")>\n\n    def test_8(self, get_driver):\n        # with allure.step('Переход на страницу https://pizzeria.skillbox.cc/my-account/'):\n        #     get_driver.get('https://pizzeria.skillbox.cc/my-account/')\n        #     time.sleep(3)\n        # with allure.step('В поле \"Имя пользователя\" ввести \"Andrey5\"'):\n        #     get_driver.find_element(By.CSS_SELECTOR, '#reg_username').send_keys('Andrey5')\n        #     time.sleep(3)\n        # with allure.step('В поле \"Пароль\" ввести \"1Pizza5\"'):\n        #     get_driver.find_element(By.CSS_SELECTOR, '#reg_password').send_keys('1Pizza5')\n        #     time.sleep(3)\n        with allure.step('Авторизоваться на сайте'):\n>           authorization(get_driver)\n\nfinal_work.py:182: \n_ _ _ _ _ _ _ _ _ _ _ _ _ _ _ _ _ _ _ _ _ _ _ _ _ _ _ _ _ _ _ _ _ _ _ _ _ _ _ _\n..\\..\\src\\actions\\authorization.py:10: in authorization\n    get_driver.find_element(By.CSS_SELECTOR, '#reg_username').send_keys('Andrey5')\n..\\..\\..\\..\\miniconda3\\Lib\\site-packages\\selenium\\webdriver\\remote\\webdriver.py:748: in find_element\n    return self.execute(Command.FIND_ELEMENT, {\"using\": by, \"value\": value})[\"value\"]\n..\\..\\..\\..\\miniconda3\\Lib\\site-packages\\selenium\\webdriver\\remote\\webdriver.py:354: in execute\n    self.error_handler.check_response(response)\n_ _ _ _ _ _ _ _ _ _ _ _ _ _ _ _ _ _ _ _ _ _ _ _ _ _ _ _ _ _ _ _ _ _ _ _ _ _ _ _\n\nself = <selenium.webdriver.remote.errorhandler.ErrorHandler object at 0x00000275A71FC3E0>\nresponse = {'status': 404, 'value': '{\"value\":{\"error\":\"no such element\",\"message\":\"no such element: Unable to locate element: {\\...\\n\\\\tRtlGetAppContainerNamedObjectPath [0x7741809E+286]\\\\n\\\\tRtlGetAppContainerNamedObjectPath [0x7741806E+238]\\\\n\"}}'}\n\n    def check_response(self, response: Dict[str, Any]) -> None:\n        \"\"\"Checks that a JSON response from the WebDriver does not have an\n        error.\n    \n        :Args:\n         - response - The JSON response from the WebDriver server as a dictionary\n           object.\n    \n        :Raises: If the response contains an error message.\n        \"\"\"\n        status = response.get(\"status\", None)\n        if not status or status == ErrorCode.SUCCESS:\n            return\n        value = None\n        message = response.get(\"message\", \"\")\n        screen: str = response.get(\"screen\", \"\")\n        stacktrace = None\n        if isinstance(status, int):\n            value_json = response.get(\"value\", None)\n            if value_json and isinstance(value_json, str):\n                import json\n    \n                try:\n                    value = json.loads(value_json)\n                    if len(value) == 1:\n                        value = value[\"value\"]\n                    status = value.get(\"error\", None)\n                    if not status:\n                        status = value.get(\"status\", ErrorCode.UNKNOWN_ERROR)\n                        message = value.get(\"value\") or value.get(\"message\")\n                        if not isinstance(message, str):\n                            value = message\n                            message = message.get(\"message\")\n                    else:\n                        message = value.get(\"message\", None)\n                except ValueError:\n                    pass\n    \n        exception_class: Type[WebDriverException]\n        e = ErrorCode()\n        error_codes = [item for item in dir(e) if not item.startswith(\"__\")]\n        for error_code in error_codes:\n            error_info = getattr(ErrorCode, error_code)\n            if isinstance(error_info, list) and status in error_info:\n                exception_class = getattr(ExceptionMapping, error_code, WebDriverException)\n                break\n        else:\n            exception_class = WebDriverException\n    \n        if not value:\n            value = response[\"value\"]\n        if isinstance(value, str):\n            raise exception_class(value)\n        if message == \"\" and \"message\" in value:\n            message = value[\"message\"]\n    \n        screen = None  # type: ignore[assignment]\n        if \"screen\" in value:\n            screen = value[\"screen\"]\n    \n        stacktrace = None\n        st_value = value.get(\"stackTrace\") or value.get(\"stacktrace\")\n        if st_value:\n            if isinstance(st_value, str):\n                stacktrace = st_value.split(\"\\n\")\n            else:\n                stacktrace = []\n                try:\n                    for frame in st_value:\n                        line = frame.get(\"lineNumber\", \"\")\n                        file = frame.get(\"fileName\", \"<anonymous>\")\n                        if line:\n                            file = f\"{file}:{line}\"\n                        meth = frame.get(\"methodName\", \"<anonymous>\")\n                        if \"className\" in frame:\n                            meth = f\"{frame['className']}.{meth}\"\n                        msg = \"    at %s (%s)\"\n                        msg = msg % (meth, file)\n                        stacktrace.append(msg)\n                except TypeError:\n                    pass\n        if exception_class == UnexpectedAlertPresentException:\n            alert_text = None\n            if \"data\" in value:\n                alert_text = value[\"data\"].get(\"text\")\n            elif \"alert\" in value:\n                alert_text = value[\"alert\"].get(\"text\")\n            raise exception_class(message, screen, stacktrace, alert_text)  # type: ignore[call-arg]  # mypy is not smart enough here\n>       raise exception_class(message, screen, stacktrace)\nE       selenium.common.exceptions.NoSuchElementException: Message: no such element: Unable to locate element: {\"method\":\"css selector\",\"selector\":\"#reg_username\"}\nE         (Session info: chrome=131.0.6778.265); For documentation on this error, please visit: https://www.selenium.dev/documentation/webdriver/troubleshooting/errors#no-such-element-exception\nE       Stacktrace:\nE       \tGetHandleVerifier [0x0095FD53+23747]\nE       \t(No symbol) [0x008E7D54]\nE       \t(No symbol) [0x007BBE53]\nE       \t(No symbol) [0x007FFCA6]\nE       \t(No symbol) [0x007FFEEB]\nE       \t(No symbol) [0x0083D852]\nE       \t(No symbol) [0x00821E44]\nE       \t(No symbol) [0x0083B41E]\nE       \t(No symbol) [0x00821B96]\nE       \t(No symbol) [0x007F3F3C]\nE       \t(No symbol) [0x007F4EBD]\nE       \tGetHandleVerifier [0x00C3AC73+3017699]\nE       \tGetHandleVerifier [0x00C4B93B+3086507]\nE       \tGetHandleVerifier [0x00C440F2+3055714]\nE       \tGetHandleVerifier [0x009F5AF0+637536]\nE       \t(No symbol) [0x008F0A5D]\nE       \t(No symbol) [0x008EDA28]\nE       \t(No symbol) [0x008EDBC5]\nE       \t(No symbol) [0x008E07F0]\nE       \tBaseThreadInitThunk [0x7562FCC9+25]\nE       \tRtlGetAppContainerNamedObjectPath [0x7741809E+286]\nE       \tRtlGetAppContainerNamedObjectPath [0x7741806E+238]\n\n..\\..\\..\\..\\miniconda3\\Lib\\site-packages\\selenium\\webdriver\\remote\\errorhandler.py:229: NoSuchElementException"}, "steps": [{"name": "Авторизоваться на сайте", "status": "broken", "statusDetails": {"message": "selenium.common.exceptions.NoSuchElementException: Message: no such element: Unable to locate element: {\"method\":\"css selector\",\"selector\":\"#reg_username\"}\n  (Session info: chrome=131.0.6778.265); For documentation on this error, please visit: https://www.selenium.dev/documentation/webdriver/troubleshooting/errors#no-such-element-exception\nStacktrace:\n\tGetHandleVerifier [0x0095FD53+23747]\n\t(No symbol) [0x008E7D54]\n\t(No symbol) [0x007BBE53]\n\t(No symbol) [0x007FFCA6]\n\t(No symbol) [0x007FFEEB]\n\t(No symbol) [0x0083D852]\n\t(No symbol) [0x00821E44]\n\t(No symbol) [0x0083B41E]\n\t(No symbol) [0x00821B96]\n\t(No symbol) [0x007F3F3C]\n\t(No symbol) [0x007F4EBD]\n\tGetHandleVerifier [0x00C3AC73+3017699]\n\tGetHandleVerifier [0x00C4B93B+3086507]\n\tGetHandleVerifier [0x00C440F2+3055714]\n\tGetHandleVerifier [0x009F5AF0+637536]\n\t(No symbol) [0x008F0A5D]\n\t(No symbol) [0x008EDA28]\n\t(No symbol) [0x008EDBC5]\n\t(No symbol) [0x008E07F0]\n\tBaseThreadInitThunk [0x7562FCC9+25]\n\tRtlGetAppContainerNamedObjectPath [0x7741809E+286]\n\tRtlGetAppContainerNamedObjectPath [0x7741806E+238]\n\n", "trace": "  File \"C:\\Users\\Serjan777\\PycharmProjects\\pythonProject\\Tests\\homework\\final_work.py\", line 182, in test_8\n    authorization(get_driver)\n  File \"C:\\Users\\Serjan777\\PycharmProjects\\pythonProject\\src\\actions\\authorization.py\", line 10, in authorization\n    get_driver.find_element(By.CSS_SELECTOR, '#reg_username').send_keys('Andrey5')\n    ^^^^^^^^^^^^^^^^^^^^^^^^^^^^^^^^^^^^^^^^^^^^^^^^^^^^^^^^^\n  File \"C:\\Users\\Serjan777\\miniconda3\\Lib\\site-packages\\selenium\\webdriver\\remote\\webdriver.py\", line 748, in find_element\n    return self.execute(Command.FIND_ELEMENT, {\"using\": by, \"value\": value})[\"value\"]\n           ^^^^^^^^^^^^^^^^^^^^^^^^^^^^^^^^^^^^^^^^^^^^^^^^^^^^^^^^^^^^^^^^^\n  File \"C:\\Users\\Serjan777\\miniconda3\\Lib\\site-packages\\selenium\\webdriver\\remote\\webdriver.py\", line 354, in execute\n    self.error_handler.check_response(response)\n  File \"C:\\Users\\Serjan777\\miniconda3\\Lib\\site-packages\\selenium\\webdriver\\remote\\errorhandler.py\", line 229, in check_response\n    raise exception_class(message, screen, stacktrace)\n"}, "steps": [{"name": "Переход на страницу https://pizzeria.skillbox.cc/my-account/", "status": "passed", "start": 1736602193562, "stop": 1736602199688}, {"name": "В поле \"Имя пользователя\" ввести \"Andrey5\"", "status": "broken", "statusDetails": {"message": "selenium.common.exceptions.NoSuchElementException: Message: no such element: Unable to locate element: {\"method\":\"css selector\",\"selector\":\"#reg_username\"}\n  (Session info: chrome=131.0.6778.265); For documentation on this error, please visit: https://www.selenium.dev/documentation/webdriver/troubleshooting/errors#no-such-element-exception\nStacktrace:\n\tGetHandleVerifier [0x0095FD53+23747]\n\t(No symbol) [0x008E7D54]\n\t(No symbol) [0x007BBE53]\n\t(No symbol) [0x007FFCA6]\n\t(No symbol) [0x007FFEEB]\n\t(No symbol) [0x0083D852]\n\t(No symbol) [0x00821E44]\n\t(No symbol) [0x0083B41E]\n\t(No symbol) [0x00821B96]\n\t(No symbol) [0x007F3F3C]\n\t(No symbol) [0x007F4EBD]\n\tGetHandleVerifier [0x00C3AC73+3017699]\n\tGetHandleVerifier [0x00C4B93B+3086507]\n\tGetHandleVerifier [0x00C440F2+3055714]\n\tGetHandleVerifier [0x009F5AF0+637536]\n\t(No symbol) [0x008F0A5D]\n\t(No symbol) [0x008EDA28]\n\t(No symbol) [0x008EDBC5]\n\t(No symbol) [0x008E07F0]\n\tBaseThreadInitThunk [0x7562FCC9+25]\n\tRtlGetAppContainerNamedObjectPath [0x7741809E+286]\n\tRtlGetAppContainerNamedObjectPath [0x7741806E+238]\n\n", "trace": "  File \"C:\\Users\\Serjan777\\PycharmProjects\\pythonProject\\src\\actions\\authorization.py\", line 10, in authorization\n    get_driver.find_element(By.CSS_SELECTOR, '#reg_username').send_keys('Andrey5')\n    ^^^^^^^^^^^^^^^^^^^^^^^^^^^^^^^^^^^^^^^^^^^^^^^^^^^^^^^^^\n  File \"C:\\Users\\Serjan777\\miniconda3\\Lib\\site-packages\\selenium\\webdriver\\remote\\webdriver.py\", line 748, in find_element\n    return self.execute(Command.FIND_ELEMENT, {\"using\": by, \"value\": value})[\"value\"]\n           ^^^^^^^^^^^^^^^^^^^^^^^^^^^^^^^^^^^^^^^^^^^^^^^^^^^^^^^^^^^^^^^^^\n  File \"C:\\Users\\Serjan777\\miniconda3\\Lib\\site-packages\\selenium\\webdriver\\remote\\webdriver.py\", line 354, in execute\n    self.error_handler.check_response(response)\n  File \"C:\\Users\\Serjan777\\miniconda3\\Lib\\site-packages\\selenium\\webdriver\\remote\\errorhandler.py\", line 229, in check_response\n    raise exception_class(message, screen, stacktrace)\n"}, "start": 1736602199688, "stop": 1736602199707}], "start": 1736602193562, "stop": 1736602199710}], "attachments": [{"name": "log", "source": "921b6a31-d0bc-498b-acb9-b0330f813697-attachment.txt", "type": "text/plain"}], "start": 1736602193561, "stop": 1736602199714, "uuid": "1ae807ee-ae01-4bd4-a1f8-d02933ea4e69", "historyId": "6839170f920c42e62d8a1939748bfd0b", "testCaseId": "6839170f920c42e62d8a1939748bfd0b", "fullName": "Tests.homework.final_work.TestValidate#test_8", "labels": [{"name": "feature", "value": "Full Accounts"}, {"name": "story", "value": "Waiting page load"}, {"name": "parentSuite", "value": "Tests.homework"}, {"name": "suite", "value": "final_work"}, {"name": "subSuite", "value": "TestValidate"}, {"name": "host", "value": "Admin"}, {"name": "thread", "value": "1384-MainThread"}, {"name": "framework", "value": "pytest"}, {"name": "language", "value": "cpython3"}, {"name": "package", "value": "Tests.homework.final_work"}]}