{"name": "test_apply_promo_code_4", "status": "broken", "statusDetails": {"message": "selenium.common.exceptions.NoSuchElementException: Message: no such element: Unable to locate element: {\"method\":\"xpath\",\"selector\":\"(//div/ul/li)[10]\"}\n  (Session info: chrome=131.0.6778.265); For documentation on this error, please visit: https://www.selenium.dev/documentation/webdriver/troubleshooting/errors#no-such-element-exception\nStacktrace:\n\tGetHandleVerifier [0x00CBFD53+23747]\n\t(No symbol) [0x00C47D54]\n\t(No symbol) [0x00B1BE53]\n\t(No symbol) [0x00B5FCA6]\n\t(No symbol) [0x00B5FEEB]\n\t(No symbol) [0x00B9D852]\n\t(No symbol) [0x00B81E44]\n\t(No symbol) [0x00B9B41E]\n\t(No symbol) [0x00B81B96]\n\t(No symbol) [0x00B53F3C]\n\t(No symbol) [0x00B54EBD]\n\tGetHandleVerifier [0x00F9AC73+3017699]\n\tGetHandleVerifier [0x00FAB93B+3086507]\n\tGetHandleVerifier [0x00FA40F2+3055714]\n\tGetHandleVerifier [0x00D55AF0+637536]\n\t(No symbol) [0x00C50A5D]\n\t(No symbol) [0x00C4DA28]\n\t(No symbol) [0x00C4DBC5]\n\t(No symbol) [0x00C407F0]\n\tBaseThreadInitThunk [0x759CFCC9+25]\n\tRtlGetAppContainerNamedObjectPath [0x771C809E+286]\n\tRtlGetAppContainerNamedObjectPath [0x771C806E+238]", "trace": "self = <final_work.TestValidate object at 0x000002117C2D5BB0>\nget_driver = <selenium.webdriver.chrome.webdriver.WebDriver (session=\"7db01914ea88b3c80a17f36e57cee90f\")>\n\n    def test_apply_promo_code_4(self, get_driver):\n        with allure.step('Авторизоваться на сайте'):\n            authorization(get_driver)\n            time.sleep(3)\n        with allure.step('Добавить пиццу \"Ветчина и грибы\" в \"Корзину\"'):\n            add_pizza(get_driver)\n            time.sleep(3)\n        with allure.step('Примените промокод GIVEMEHALYAVA.'):\n            get_driver.find_element(By.CSS_SELECTOR, '#coupon_code').send_keys('GIVEMEHALYAVA')\n            time.sleep(3)\n        with allure.step('Нажать \"Применить купон\"'):\n            get_driver.find_element(By.XPATH, '//*[@value=\"Применить купон\"]').click()\n            time.sleep(3)\n        with allure.step('Нажать \"Прейти к оплате\"'):\n            get_driver.find_element(By.XPATH, '//*[@class=\"checkout-button button alt wc-forward\"]').click()\n            time.sleep(3)\n        with allure.step('Нажать чек-бокс \"I have read and agree to the website terms and conditions\"'):\n            get_driver.find_element(By.XPATH, '//*[@id=\"terms\"]').click()\n            time.sleep(3)\n        with allure.step('Нажать \"Оформить заказ\"'):\n            get_driver.find_element(By.CSS_SELECTOR, '#place_order').click()\n            time.sleep(3)\n        with allure.step('Добавить пиццу \"Ветчина и грибы\" в \"Корзину\"'):\n            add_pizza(get_driver)\n            time.sleep(3)\n        with allure.step('Очистить поле \"Промокод\"'):\n            el = get_driver.find_element(By.CSS_SELECTOR, '#coupon_code')\n            el.clear()\n            time.sleep(3)\n        with allure.step('Примените промокод GIVEMEHALYAVA.'):\n            get_driver.find_element(By.CSS_SELECTOR, '#coupon_code').send_keys('GIVEMEHALYAVA')\n            time.sleep(3)\n        with allure.step('Нажать \"Применить купон\"'):\n            get_driver.find_element(By.XPATH, '//*[@value=\"Применить купон\"]').click()\n            time.sleep(3)\n        with allure.step('Проверить, что второй раз промокод уже не срабатывает для пользователя.'):\n>           coupon = get_driver.find_element(By.XPATH, '(//div/ul/li)[10]')\n\nfinal_work.py:312: \n_ _ _ _ _ _ _ _ _ _ _ _ _ _ _ _ _ _ _ _ _ _ _ _ _ _ _ _ _ _ _ _ _ _ _ _ _ _ _ _\n..\\..\\..\\..\\miniconda3\\Lib\\site-packages\\selenium\\webdriver\\remote\\webdriver.py:748: in find_element\n    return self.execute(Command.FIND_ELEMENT, {\"using\": by, \"value\": value})[\"value\"]\n..\\..\\..\\..\\miniconda3\\Lib\\site-packages\\selenium\\webdriver\\remote\\webdriver.py:354: in execute\n    self.error_handler.check_response(response)\n_ _ _ _ _ _ _ _ _ _ _ _ _ _ _ _ _ _ _ _ _ _ _ _ _ _ _ _ _ _ _ _ _ _ _ _ _ _ _ _\n\nself = <selenium.webdriver.remote.errorhandler.ErrorHandler object at 0x000002117C2D7AA0>\nresponse = {'status': 404, 'value': '{\"value\":{\"error\":\"no such element\",\"message\":\"no such element: Unable to locate element: {\\...\\n\\\\tRtlGetAppContainerNamedObjectPath [0x771C809E+286]\\\\n\\\\tRtlGetAppContainerNamedObjectPath [0x771C806E+238]\\\\n\"}}'}\n\n    def check_response(self, response: Dict[str, Any]) -> None:\n        \"\"\"Checks that a JSON response from the WebDriver does not have an\n        error.\n    \n        :Args:\n         - response - The JSON response from the WebDriver server as a dictionary\n           object.\n    \n        :Raises: If the response contains an error message.\n        \"\"\"\n        status = response.get(\"status\", None)\n        if not status or status == ErrorCode.SUCCESS:\n            return\n        value = None\n        message = response.get(\"message\", \"\")\n        screen: str = response.get(\"screen\", \"\")\n        stacktrace = None\n        if isinstance(status, int):\n            value_json = response.get(\"value\", None)\n            if value_json and isinstance(value_json, str):\n                import json\n    \n                try:\n                    value = json.loads(value_json)\n                    if len(value) == 1:\n                        value = value[\"value\"]\n                    status = value.get(\"error\", None)\n                    if not status:\n                        status = value.get(\"status\", ErrorCode.UNKNOWN_ERROR)\n                        message = value.get(\"value\") or value.get(\"message\")\n                        if not isinstance(message, str):\n                            value = message\n                            message = message.get(\"message\")\n                    else:\n                        message = value.get(\"message\", None)\n                except ValueError:\n                    pass\n    \n        exception_class: Type[WebDriverException]\n        e = ErrorCode()\n        error_codes = [item for item in dir(e) if not item.startswith(\"__\")]\n        for error_code in error_codes:\n            error_info = getattr(ErrorCode, error_code)\n            if isinstance(error_info, list) and status in error_info:\n                exception_class = getattr(ExceptionMapping, error_code, WebDriverException)\n                break\n        else:\n            exception_class = WebDriverException\n    \n        if not value:\n            value = response[\"value\"]\n        if isinstance(value, str):\n            raise exception_class(value)\n        if message == \"\" and \"message\" in value:\n            message = value[\"message\"]\n    \n        screen = None  # type: ignore[assignment]\n        if \"screen\" in value:\n            screen = value[\"screen\"]\n    \n        stacktrace = None\n        st_value = value.get(\"stackTrace\") or value.get(\"stacktrace\")\n        if st_value:\n            if isinstance(st_value, str):\n                stacktrace = st_value.split(\"\\n\")\n            else:\n                stacktrace = []\n                try:\n                    for frame in st_value:\n                        line = frame.get(\"lineNumber\", \"\")\n                        file = frame.get(\"fileName\", \"<anonymous>\")\n                        if line:\n                            file = f\"{file}:{line}\"\n                        meth = frame.get(\"methodName\", \"<anonymous>\")\n                        if \"className\" in frame:\n                            meth = f\"{frame['className']}.{meth}\"\n                        msg = \"    at %s (%s)\"\n                        msg = msg % (meth, file)\n                        stacktrace.append(msg)\n                except TypeError:\n                    pass\n        if exception_class == UnexpectedAlertPresentException:\n            alert_text = None\n            if \"data\" in value:\n                alert_text = value[\"data\"].get(\"text\")\n            elif \"alert\" in value:\n                alert_text = value[\"alert\"].get(\"text\")\n            raise exception_class(message, screen, stacktrace, alert_text)  # type: ignore[call-arg]  # mypy is not smart enough here\n>       raise exception_class(message, screen, stacktrace)\nE       selenium.common.exceptions.NoSuchElementException: Message: no such element: Unable to locate element: {\"method\":\"xpath\",\"selector\":\"(//div/ul/li)[10]\"}\nE         (Session info: chrome=131.0.6778.265); For documentation on this error, please visit: https://www.selenium.dev/documentation/webdriver/troubleshooting/errors#no-such-element-exception\nE       Stacktrace:\nE       \tGetHandleVerifier [0x00CBFD53+23747]\nE       \t(No symbol) [0x00C47D54]\nE       \t(No symbol) [0x00B1BE53]\nE       \t(No symbol) [0x00B5FCA6]\nE       \t(No symbol) [0x00B5FEEB]\nE       \t(No symbol) [0x00B9D852]\nE       \t(No symbol) [0x00B81E44]\nE       \t(No symbol) [0x00B9B41E]\nE       \t(No symbol) [0x00B81B96]\nE       \t(No symbol) [0x00B53F3C]\nE       \t(No symbol) [0x00B54EBD]\nE       \tGetHandleVerifier [0x00F9AC73+3017699]\nE       \tGetHandleVerifier [0x00FAB93B+3086507]\nE       \tGetHandleVerifier [0x00FA40F2+3055714]\nE       \tGetHandleVerifier [0x00D55AF0+637536]\nE       \t(No symbol) [0x00C50A5D]\nE       \t(No symbol) [0x00C4DA28]\nE       \t(No symbol) [0x00C4DBC5]\nE       \t(No symbol) [0x00C407F0]\nE       \tBaseThreadInitThunk [0x759CFCC9+25]\nE       \tRtlGetAppContainerNamedObjectPath [0x771C809E+286]\nE       \tRtlGetAppContainerNamedObjectPath [0x771C806E+238]\n\n..\\..\\..\\..\\miniconda3\\Lib\\site-packages\\selenium\\webdriver\\remote\\errorhandler.py:229: NoSuchElementException"}, "steps": [{"name": "Авторизоваться на сайте", "status": "passed", "steps": [{"name": "Переход на страницу https://pizzeria.skillbox.cc/my-account/", "status": "passed", "start": 1737211555454, "stop": 1737211568984}, {"name": "В поле \"Имя пользователя\" ввести \"Andrey5\"", "status": "passed", "start": 1737211568984, "stop": 1737211572091}, {"name": "В поле \"Пароль\" ввести \"1Pizza5\"", "status": "passed", "start": 1737211572091, "stop": 1737211575171}, {"name": "Нажать \"Войти\"", "status": "passed", "start": 1737211575171, "stop": 1737211581414}], "start": 1737211555453, "stop": 1737211584414}, {"name": "Добавить пиццу \"Ветчина и грибы\" в \"Корзину\"", "status": "passed", "start": 1737211584414, "stop": 1737211600086}, {"name": "Примените промокод GIVEMEHALYAVA.", "status": "passed", "start": 1737211600086, "stop": 1737211603219}, {"name": "Нажать \"Применить купон\"", "status": "passed", "start": 1737211603219, "stop": 1737211606301}, {"name": "Нажать \"Прейти к оплате\"", "status": "passed", "start": 1737211606301, "stop": 1737211613635}, {"name": "Нажать чек-бокс \"I have read and agree to the website terms and conditions\"", "status": "passed", "start": 1737211613635, "stop": 1737211616738}, {"name": "Нажать \"Оформить заказ\"", "status": "passed", "start": 1737211616738, "stop": 1737211619826}, {"name": "Добавить пиццу \"Ветчина и грибы\" в \"Корзину\"", "status": "passed", "start": 1737211619826, "stop": 1737211634902}, {"name": "Очистить поле \"Промокод\"", "status": "passed", "start": 1737211634902, "stop": 1737211637951}, {"name": "Примените промокод GIVEMEHALYAVA.", "status": "passed", "start": 1737211637951, "stop": 1737211641033}, {"name": "Нажать \"Применить купон\"", "status": "passed", "start": 1737211641033, "stop": 1737211644112}, {"name": "Проверить, что второй раз промокод уже не срабатывает для пользователя.", "status": "broken", "statusDetails": {"message": "selenium.common.exceptions.NoSuchElementException: Message: no such element: Unable to locate element: {\"method\":\"xpath\",\"selector\":\"(//div/ul/li)[10]\"}\n  (Session info: chrome=131.0.6778.265); For documentation on this error, please visit: https://www.selenium.dev/documentation/webdriver/troubleshooting/errors#no-such-element-exception\nStacktrace:\n\tGetHandleVerifier [0x00CBFD53+23747]\n\t(No symbol) [0x00C47D54]\n\t(No symbol) [0x00B1BE53]\n\t(No symbol) [0x00B5FCA6]\n\t(No symbol) [0x00B5FEEB]\n\t(No symbol) [0x00B9D852]\n\t(No symbol) [0x00B81E44]\n\t(No symbol) [0x00B9B41E]\n\t(No symbol) [0x00B81B96]\n\t(No symbol) [0x00B53F3C]\n\t(No symbol) [0x00B54EBD]\n\tGetHandleVerifier [0x00F9AC73+3017699]\n\tGetHandleVerifier [0x00FAB93B+3086507]\n\tGetHandleVerifier [0x00FA40F2+3055714]\n\tGetHandleVerifier [0x00D55AF0+637536]\n\t(No symbol) [0x00C50A5D]\n\t(No symbol) [0x00C4DA28]\n\t(No symbol) [0x00C4DBC5]\n\t(No symbol) [0x00C407F0]\n\tBaseThreadInitThunk [0x759CFCC9+25]\n\tRtlGetAppContainerNamedObjectPath [0x771C809E+286]\n\tRtlGetAppContainerNamedObjectPath [0x771C806E+238]\n\n", "trace": "  File \"C:\\Users\\Serjan777\\PycharmProjects\\pythonProject\\Tests\\homework\\final_work.py\", line 312, in test_apply_promo_code_4\n    coupon = get_driver.find_element(By.XPATH, '(//div/ul/li)[10]')\n             ^^^^^^^^^^^^^^^^^^^^^^^^^^^^^^^^^^^^^^^^^^^^^^^^^^^^^^\n  File \"C:\\Users\\Serjan777\\miniconda3\\Lib\\site-packages\\selenium\\webdriver\\remote\\webdriver.py\", line 748, in find_element\n    return self.execute(Command.FIND_ELEMENT, {\"using\": by, \"value\": value})[\"value\"]\n           ^^^^^^^^^^^^^^^^^^^^^^^^^^^^^^^^^^^^^^^^^^^^^^^^^^^^^^^^^^^^^^^^^\n  File \"C:\\Users\\Serjan777\\miniconda3\\Lib\\site-packages\\selenium\\webdriver\\remote\\webdriver.py\", line 354, in execute\n    self.error_handler.check_response(response)\n  File \"C:\\Users\\Serjan777\\miniconda3\\Lib\\site-packages\\selenium\\webdriver\\remote\\errorhandler.py\", line 229, in check_response\n    raise exception_class(message, screen, stacktrace)\n"}, "start": 1737211644112, "stop": 1737211644132}], "attachments": [{"name": "log", "source": "c414f67c-8849-4e8c-a44f-0a1ef17d8578-attachment.txt", "type": "text/plain"}], "start": 1737211555453, "stop": 1737211644140, "uuid": "c24f2e73-df4d-4d10-aa99-d707679a0701", "historyId": "a8e5b66c08009dc5236cbe0810b969b7", "testCaseId": "a8e5b66c08009dc5236cbe0810b969b7", "fullName": "Tests.homework.final_work.TestValidate#test_apply_promo_code_4", "labels": [{"name": "feature", "value": "Full Accounts"}, {"name": "story", "value": "Waiting page load"}, {"name": "parentSuite", "value": "Tests.homework"}, {"name": "suite", "value": "final_work"}, {"name": "subSuite", "value": "TestValidate"}, {"name": "host", "value": "Admin"}, {"name": "thread", "value": "10660-MainThread"}, {"name": "framework", "value": "pytest"}, {"name": "language", "value": "cpython3"}, {"name": "package", "value": "Tests.homework.final_work"}]}