{"name": "test_apply_promo_code_3", "status": "failed", "statusDetails": {"message": "AssertionError: assert '450,00' in '405,00₽'\n +  where '405,00₽' = <selenium.webdriver.remote.webelement.WebElement (session=\"52fa19ad468c15998de2bedd28f991ba\", element=\"f.F194285384A3957BAB02EFD37FA18706.d.1BD8EB29E2DF16E9721AE1270F0DE306.e.52\")>.text", "trace": "self = <final_work.TestValidate object at 0x000001459EEEACF0>\nget_driver = <selenium.webdriver.chrome.webdriver.WebDriver (session=\"52fa19ad468c15998de2bedd28f991ba\")>\n\n    def test_apply_promo_code_3(self, get_driver):\n        server = Server(\n            r\"C:\\Program Files (x86)\\browsermob-proxy-2.1.4-bin\\browsermob-proxy-2.1.4\\bin\\browsermob-proxy.bat\")\n        server.start()\n        time.sleep(3)\n        proxy = server.create_proxy()\n        options = webdriver.ChromeOptions()\n        options.add_argument(f'--proxy-server={proxy.proxy}')\n        service = Service(executable_path=ChromeDriverManager().install())\n        driver = webdriver.Chrome(service=service, options=options)\n        proxy.new_har(\"500\", options={'captureHeaders': True, 'captureContent': True})\n        get_driver.get(\"https://pizzeria.skillbox.cc/\")\n        time.sleep(10)\n        get_driver.find_element(By.XPATH,'(//*[contains(@data-product_id, \"419\")])[2]').click()\n        time.sleep(3)\n        get_driver.find_element(By.XPATH, '//*[@class=\"cart-contents wcmenucart-contents\"]').click()\n        time.sleep(3)\n        get_driver.find_element(By.CSS_SELECTOR, '#coupon_code').send_keys('GIVEMEHALYAVA')\n        time.sleep(3)\n        get_driver.find_element(By.XPATH, '//*[@name=\"apply_coupon\"]').click()\n        time.sleep(3)\n        #proxy.blacklist(\"https://pizzeria.skillbox.cc/cart/api/apply-promo\", 500)\n    \n        for entry in proxy.har['log']['entries']:\n            request_url = entry['request']['url']\n            if 'pizzeria.skillbox.cc/cart' in request_url:\n                proxy.rewrite_url(request_url, \"https://pizzeria.skillbox.cc/cart/500\")\n                proxy.add_header(request_url, \"HTTP/1.1 500 Internal Server Error\")\n        price = get_driver.find_element(By.XPATH, '//td/strong/span/bdi')\n>       assert '450,00' in price.text\nE       assert '450,00' in '405,00₽'\nE        +  where '405,00₽' = <selenium.webdriver.remote.webelement.WebElement (session=\"52fa19ad468c15998de2bedd28f991ba\", element=\"f.F194285384A3957BAB02EFD37FA18706.d.1BD8EB29E2DF16E9721AE1270F0DE306.e.52\")>.text\n\nfinal_work.py:290: AssertionError"}, "attachments": [{"name": "log", "source": "64fb6ff5-2b5f-45bd-bef5-890fa6931974-attachment.txt", "type": "text/plain"}], "start": 1739025230187, "stop": 1739025281292, "uuid": "7bf82c24-a6c8-49ad-a6c8-5472af0c75b8", "historyId": "4d3e7211570903f0b6223686b47abcb9", "testCaseId": "4d3e7211570903f0b6223686b47abcb9", "fullName": "Tests.homework.final_work.TestValidate#test_apply_promo_code_3", "labels": [{"name": "feature", "value": "Full Accounts"}, {"name": "story", "value": "Waiting page load"}, {"name": "parentSuite", "value": "Tests.homework"}, {"name": "suite", "value": "final_work"}, {"name": "subSuite", "value": "TestValidate"}, {"name": "host", "value": "Admin"}, {"name": "thread", "value": "21060-MainThread"}, {"name": "framework", "value": "pytest"}, {"name": "language", "value": "cpython3"}, {"name": "package", "value": "Tests.homework.final_work"}]}