{"name": "test_3", "status": "broken", "statusDetails": {"message": "selenium.common.exceptions.NoSuchElementException: Message: no such element: Unable to locate element: {\"method\":\"xpath\",\"selector\":\"//*[contains(@id, \"quantity_67790f811fbc2\")]\"}\n  (Session info: chrome=131.0.6778.205); For documentation on this error, please visit: https://www.selenium.dev/documentation/webdriver/troubleshooting/errors#no-such-element-exception\nStacktrace:\n\tGetHandleVerifier [0x00DBEC13+23731]\n\t(No symbol) [0x00D4C394]\n\t(No symbol) [0x00C2BE63]\n\t(No symbol) [0x00C6FCE6]\n\t(No symbol) [0x00C6FF2B]\n\t(No symbol) [0x00CAD892]\n\t(No symbol) [0x00C91EA4]\n\t(No symbol) [0x00CAB46E]\n\t(No symbol) [0x00C91BF6]\n\t(No symbol) [0x00C63F35]\n\t(No symbol) [0x00C64EBD]\n\tGetHandleVerifier [0x0109F0D3+3039603]\n\tGetHandleVerifier [0x010B2DEA+3120778]\n\tGetHandleVerifier [0x010AB592+3089970]\n\tGetHandleVerifier [0x00E543B0+635984]\n\t(No symbol) [0x00D54DCD]\n\t(No symbol) [0x00D52068]\n\t(No symbol) [0x00D52205]\n\t(No symbol) [0x00D44FD0]\n\tBaseThreadInitThunk [0x7562FCC9+25]\n\tRtlGetAppContainerNamedObjectPath [0x7741809E+286]\n\tRtlGetAppContainerNamedObjectPath [0x7741806E+238]", "trace": "self = <final_work.TestValidate object at 0x000002874DBAAEA0>\nget_driver = <selenium.webdriver.chrome.webdriver.WebDriver (session=\"1a2b4eec09d674bd1238df09763bb27f\")>\n\n    def test_3(self, get_driver):\n        with allure.step('Переход на сайт https://pizzeria.skillbox.cc/'):\n            get_driver.get('https://pizzeria.skillbox.cc/')\n            time.sleep(3)\n        with allure.step('Добавить пиццу \"Рай\" «В корзину».'):\n            get_driver.find_element(By.XPATH, '(//*[contains(@data-product_id, \"421\")])[2]').click()\n            time.sleep(3)\n        with allure.step('Нажать «Корзина».'):\n            get_driver.find_element(By.XPATH, '//*[@class=\"cart-contents wcmenucart-contents\"]').click()\n            time.sleep(3)\n        with allure.step('Нажать на кнопку \"Кол-во\" и увеличить на +1.'):\n>           get_driver.find_element(By.XPATH, '//*[contains(@id, \"quantity_67790f811fbc2\")]').click()\n\nfinal_work.py:78: \n_ _ _ _ _ _ _ _ _ _ _ _ _ _ _ _ _ _ _ _ _ _ _ _ _ _ _ _ _ _ _ _ _ _ _ _ _ _ _ _\n..\\..\\..\\..\\miniconda3\\Lib\\site-packages\\selenium\\webdriver\\remote\\webdriver.py:748: in find_element\n    return self.execute(Command.FIND_ELEMENT, {\"using\": by, \"value\": value})[\"value\"]\n..\\..\\..\\..\\miniconda3\\Lib\\site-packages\\selenium\\webdriver\\remote\\webdriver.py:354: in execute\n    self.error_handler.check_response(response)\n_ _ _ _ _ _ _ _ _ _ _ _ _ _ _ _ _ _ _ _ _ _ _ _ _ _ _ _ _ _ _ _ _ _ _ _ _ _ _ _\n\nself = <selenium.webdriver.remote.errorhandler.ErrorHandler object at 0x000002874DB59070>\nresponse = {'status': 404, 'value': '{\"value\":{\"error\":\"no such element\",\"message\":\"no such element: Unable to locate element: {\\...\\n\\\\tRtlGetAppContainerNamedObjectPath [0x7741809E+286]\\\\n\\\\tRtlGetAppContainerNamedObjectPath [0x7741806E+238]\\\\n\"}}'}\n\n    def check_response(self, response: Dict[str, Any]) -> None:\n        \"\"\"Checks that a JSON response from the WebDriver does not have an\n        error.\n    \n        :Args:\n         - response - The JSON response from the WebDriver server as a dictionary\n           object.\n    \n        :Raises: If the response contains an error message.\n        \"\"\"\n        status = response.get(\"status\", None)\n        if not status or status == ErrorCode.SUCCESS:\n            return\n        value = None\n        message = response.get(\"message\", \"\")\n        screen: str = response.get(\"screen\", \"\")\n        stacktrace = None\n        if isinstance(status, int):\n            value_json = response.get(\"value\", None)\n            if value_json and isinstance(value_json, str):\n                import json\n    \n                try:\n                    value = json.loads(value_json)\n                    if len(value) == 1:\n                        value = value[\"value\"]\n                    status = value.get(\"error\", None)\n                    if not status:\n                        status = value.get(\"status\", ErrorCode.UNKNOWN_ERROR)\n                        message = value.get(\"value\") or value.get(\"message\")\n                        if not isinstance(message, str):\n                            value = message\n                            message = message.get(\"message\")\n                    else:\n                        message = value.get(\"message\", None)\n                except ValueError:\n                    pass\n    \n        exception_class: Type[WebDriverException]\n        e = ErrorCode()\n        error_codes = [item for item in dir(e) if not item.startswith(\"__\")]\n        for error_code in error_codes:\n            error_info = getattr(ErrorCode, error_code)\n            if isinstance(error_info, list) and status in error_info:\n                exception_class = getattr(ExceptionMapping, error_code, WebDriverException)\n                break\n        else:\n            exception_class = WebDriverException\n    \n        if not value:\n            value = response[\"value\"]\n        if isinstance(value, str):\n            raise exception_class(value)\n        if message == \"\" and \"message\" in value:\n            message = value[\"message\"]\n    \n        screen = None  # type: ignore[assignment]\n        if \"screen\" in value:\n            screen = value[\"screen\"]\n    \n        stacktrace = None\n        st_value = value.get(\"stackTrace\") or value.get(\"stacktrace\")\n        if st_value:\n            if isinstance(st_value, str):\n                stacktrace = st_value.split(\"\\n\")\n            else:\n                stacktrace = []\n                try:\n                    for frame in st_value:\n                        line = frame.get(\"lineNumber\", \"\")\n                        file = frame.get(\"fileName\", \"<anonymous>\")\n                        if line:\n                            file = f\"{file}:{line}\"\n                        meth = frame.get(\"methodName\", \"<anonymous>\")\n                        if \"className\" in frame:\n                            meth = f\"{frame['className']}.{meth}\"\n                        msg = \"    at %s (%s)\"\n                        msg = msg % (meth, file)\n                        stacktrace.append(msg)\n                except TypeError:\n                    pass\n        if exception_class == UnexpectedAlertPresentException:\n            alert_text = None\n            if \"data\" in value:\n                alert_text = value[\"data\"].get(\"text\")\n            elif \"alert\" in value:\n                alert_text = value[\"alert\"].get(\"text\")\n            raise exception_class(message, screen, stacktrace, alert_text)  # type: ignore[call-arg]  # mypy is not smart enough here\n>       raise exception_class(message, screen, stacktrace)\nE       selenium.common.exceptions.NoSuchElementException: Message: no such element: Unable to locate element: {\"method\":\"xpath\",\"selector\":\"//*[contains(@id, \"quantity_67790f811fbc2\")]\"}\nE         (Session info: chrome=131.0.6778.205); For documentation on this error, please visit: https://www.selenium.dev/documentation/webdriver/troubleshooting/errors#no-such-element-exception\nE       Stacktrace:\nE       \tGetHandleVerifier [0x00DBEC13+23731]\nE       \t(No symbol) [0x00D4C394]\nE       \t(No symbol) [0x00C2BE63]\nE       \t(No symbol) [0x00C6FCE6]\nE       \t(No symbol) [0x00C6FF2B]\nE       \t(No symbol) [0x00CAD892]\nE       \t(No symbol) [0x00C91EA4]\nE       \t(No symbol) [0x00CAB46E]\nE       \t(No symbol) [0x00C91BF6]\nE       \t(No symbol) [0x00C63F35]\nE       \t(No symbol) [0x00C64EBD]\nE       \tGetHandleVerifier [0x0109F0D3+3039603]\nE       \tGetHandleVerifier [0x010B2DEA+3120778]\nE       \tGetHandleVerifier [0x010AB592+3089970]\nE       \tGetHandleVerifier [0x00E543B0+635984]\nE       \t(No symbol) [0x00D54DCD]\nE       \t(No symbol) [0x00D52068]\nE       \t(No symbol) [0x00D52205]\nE       \t(No symbol) [0x00D44FD0]\nE       \tBaseThreadInitThunk [0x7562FCC9+25]\nE       \tRtlGetAppContainerNamedObjectPath [0x7741809E+286]\nE       \tRtlGetAppContainerNamedObjectPath [0x7741806E+238]\n\n..\\..\\..\\..\\miniconda3\\Lib\\site-packages\\selenium\\webdriver\\remote\\errorhandler.py:229: NoSuchElementException"}, "steps": [{"name": "Переход на сайт https://pizzeria.skillbox.cc/", "status": "passed", "start": 1735989712726, "stop": 1735989722671}, {"name": "Добавить пиццу \"Рай\" «В корзину».", "status": "passed", "start": 1735989722671, "stop": 1735989725751}, {"name": "Нажать «Корзина».", "status": "passed", "start": 1735989725751, "stop": 1735989730510}, {"name": "Нажать на кнопку \"Кол-во\" и увеличить на +1.", "status": "broken", "statusDetails": {"message": "selenium.common.exceptions.NoSuchElementException: Message: no such element: Unable to locate element: {\"method\":\"xpath\",\"selector\":\"//*[contains(@id, \"quantity_67790f811fbc2\")]\"}\n  (Session info: chrome=131.0.6778.205); For documentation on this error, please visit: https://www.selenium.dev/documentation/webdriver/troubleshooting/errors#no-such-element-exception\nStacktrace:\n\tGetHandleVerifier [0x00DBEC13+23731]\n\t(No symbol) [0x00D4C394]\n\t(No symbol) [0x00C2BE63]\n\t(No symbol) [0x00C6FCE6]\n\t(No symbol) [0x00C6FF2B]\n\t(No symbol) [0x00CAD892]\n\t(No symbol) [0x00C91EA4]\n\t(No symbol) [0x00CAB46E]\n\t(No symbol) [0x00C91BF6]\n\t(No symbol) [0x00C63F35]\n\t(No symbol) [0x00C64EBD]\n\tGetHandleVerifier [0x0109F0D3+3039603]\n\tGetHandleVerifier [0x010B2DEA+3120778]\n\tGetHandleVerifier [0x010AB592+3089970]\n\tGetHandleVerifier [0x00E543B0+635984]\n\t(No symbol) [0x00D54DCD]\n\t(No symbol) [0x00D52068]\n\t(No symbol) [0x00D52205]\n\t(No symbol) [0x00D44FD0]\n\tBaseThreadInitThunk [0x7562FCC9+25]\n\tRtlGetAppContainerNamedObjectPath [0x7741809E+286]\n\tRtlGetAppContainerNamedObjectPath [0x7741806E+238]\n\n", "trace": "  File \"C:\\Users\\Serjan777\\PycharmProjects\\pythonProject\\Tests\\homework\\final_work.py\", line 78, in test_3\n    get_driver.find_element(By.XPATH, '//*[contains(@id, \"quantity_67790f811fbc2\")]').click()\n    ^^^^^^^^^^^^^^^^^^^^^^^^^^^^^^^^^^^^^^^^^^^^^^^^^^^^^^^^^^^^^^^^^^^^^^^^^^^^^^^^^\n  File \"C:\\Users\\Serjan777\\miniconda3\\Lib\\site-packages\\selenium\\webdriver\\remote\\webdriver.py\", line 748, in find_element\n    return self.execute(Command.FIND_ELEMENT, {\"using\": by, \"value\": value})[\"value\"]\n           ^^^^^^^^^^^^^^^^^^^^^^^^^^^^^^^^^^^^^^^^^^^^^^^^^^^^^^^^^^^^^^^^^\n  File \"C:\\Users\\Serjan777\\miniconda3\\Lib\\site-packages\\selenium\\webdriver\\remote\\webdriver.py\", line 354, in execute\n    self.error_handler.check_response(response)\n  File \"C:\\Users\\Serjan777\\miniconda3\\Lib\\site-packages\\selenium\\webdriver\\remote\\errorhandler.py\", line 229, in check_response\n    raise exception_class(message, screen, stacktrace)\n"}, "start": 1735989730510, "stop": 1735989730531}], "attachments": [{"name": "log", "source": "b32bb349-2ac0-4811-9501-76ba710cd131-attachment.txt", "type": "text/plain"}], "start": 1735989712726, "stop": 1735989730537, "uuid": "e5ca42fb-651e-448b-95bf-2d451765d140", "historyId": "07f37449491d6e3b665647b6ed41b086", "testCaseId": "07f37449491d6e3b665647b6ed41b086", "fullName": "Tests.homework.final_work.TestValidate#test_3", "labels": [{"name": "story", "value": "Waiting page load"}, {"name": "feature", "value": "Full Accounts"}, {"name": "parentSuite", "value": "Tests.homework"}, {"name": "suite", "value": "final_work"}, {"name": "subSuite", "value": "TestValidate"}, {"name": "host", "value": "Admin"}, {"name": "thread", "value": "4520-MainThread"}, {"name": "framework", "value": "pytest"}, {"name": "language", "value": "cpython3"}, {"name": "package", "value": "Tests.homework.final_work"}]}