{"name": "test_apply_promo_code_4", "status": "broken", "statusDetails": {"message": "selenium.common.exceptions.NoSuchElementException: Message: no such element: Unable to locate element: {\"method\":\"xpath\",\"selector\":\"//*[@id=\"terms\"]\"}\n  (Session info: chrome=132.0.6834.196); For documentation on this error, please visit: https://www.selenium.dev/documentation/webdriver/troubleshooting/errors#no-such-element-exception\nStacktrace:\n\tGetHandleVerifier [0x002A74A3+25091]\n\t(No symbol) [0x0022DC04]\n\t(No symbol) [0x0010B373]\n\t(No symbol) [0x0014F4DC]\n\t(No symbol) [0x0014F65B]\n\t(No symbol) [0x0018D8E2]\n\t(No symbol) [0x00171F54]\n\t(No symbol) [0x0018B49E]\n\t(No symbol) [0x00171CA6]\n\t(No symbol) [0x001431D5]\n\t(No symbol) [0x0014435D]\n\tGetHandleVerifier [0x005A07C3+3142947]\n\tGetHandleVerifier [0x005B1A2B+3213195]\n\tGetHandleVerifier [0x005AC412+3191154]\n\tGetHandleVerifier [0x00348720+685184]\n\t(No symbol) [0x00236E1D]\n\t(No symbol) [0x00233E18]\n\t(No symbol) [0x00233FB6]\n\t(No symbol) [0x002266F0]\n\tBaseThreadInitThunk [0x761AFCC9+25]\n\tRtlGetAppContainerNamedObjectPath [0x77B6809E+286]\n\tRtlGetAppContainerNamedObjectPath [0x77B6806E+238]\n\t(No symbol) [0x00000000]", "trace": "self = <final_work.TestValidate object at 0x0000023EF36E0D10>\nget_driver = <selenium.webdriver.chrome.webdriver.WebDriver (session=\"9a7dfdb42a2a8affde190e8b0ada54d5\")>\n\n    def test_apply_promo_code_4(self, get_driver):\n        with allure.step('Авторизоваться на сайте'):\n            authorization(get_driver)\n            time.sleep(3)\n        with allure.step('Добавить пиццу \"Ветчина и грибы\" в \"Корзину\"'):\n            add_pizza(get_driver)\n            time.sleep(3)\n        with allure.step('Примените промокод GIVEMEHALYAVA.'):\n            get_driver.find_element(By.CSS_SELECTOR, '#coupon_code').send_keys('GIVEMEHALYAVA')\n            time.sleep(3)\n        with allure.step('Нажать \"Применить купон\"'):\n            get_driver.find_element(By.XPATH, '//*[@value=\"Применить купон\"]').click()\n            time.sleep(3)\n        with allure.step('Нажать \"Прейти к оплате\"'):\n            get_driver.find_element(By.XPATH, '//*[@class=\"checkout-button button alt wc-forward\"]').click()\n            time.sleep(3)\n        with allure.step('Нажать чек-бокс \"I have read and agree to the website terms and conditions\"'):\n>           get_driver.find_element(By.XPATH, '//*[@id=\"terms\"]').click()\n\nfinal_work.py:308: \n_ _ _ _ _ _ _ _ _ _ _ _ _ _ _ _ _ _ _ _ _ _ _ _ _ _ _ _ _ _ _ _ _ _ _ _ _ _ _ _\n..\\..\\..\\..\\miniconda3\\Lib\\site-packages\\selenium\\webdriver\\remote\\webdriver.py:748: in find_element\n    return self.execute(Command.FIND_ELEMENT, {\"using\": by, \"value\": value})[\"value\"]\n..\\..\\..\\..\\miniconda3\\Lib\\site-packages\\selenium\\webdriver\\remote\\webdriver.py:354: in execute\n    self.error_handler.check_response(response)\n_ _ _ _ _ _ _ _ _ _ _ _ _ _ _ _ _ _ _ _ _ _ _ _ _ _ _ _ _ _ _ _ _ _ _ _ _ _ _ _\n\nself = <selenium.webdriver.remote.errorhandler.ErrorHandler object at 0x0000023EF056ED20>\nresponse = {'status': 404, 'value': '{\"value\":{\"error\":\"no such element\",\"message\":\"no such element: Unable to locate element: {\\...jectPath [0x77B6809E+286]\\\\n\\\\tRtlGetAppContainerNamedObjectPath [0x77B6806E+238]\\\\n\\\\t(No symbol) [0x00000000]\\\\n\"}}'}\n\n    def check_response(self, response: Dict[str, Any]) -> None:\n        \"\"\"Checks that a JSON response from the WebDriver does not have an\n        error.\n    \n        :Args:\n         - response - The JSON response from the WebDriver server as a dictionary\n           object.\n    \n        :Raises: If the response contains an error message.\n        \"\"\"\n        status = response.get(\"status\", None)\n        if not status or status == ErrorCode.SUCCESS:\n            return\n        value = None\n        message = response.get(\"message\", \"\")\n        screen: str = response.get(\"screen\", \"\")\n        stacktrace = None\n        if isinstance(status, int):\n            value_json = response.get(\"value\", None)\n            if value_json and isinstance(value_json, str):\n                import json\n    \n                try:\n                    value = json.loads(value_json)\n                    if len(value) == 1:\n                        value = value[\"value\"]\n                    status = value.get(\"error\", None)\n                    if not status:\n                        status = value.get(\"status\", ErrorCode.UNKNOWN_ERROR)\n                        message = value.get(\"value\") or value.get(\"message\")\n                        if not isinstance(message, str):\n                            value = message\n                            message = message.get(\"message\")\n                    else:\n                        message = value.get(\"message\", None)\n                except ValueError:\n                    pass\n    \n        exception_class: Type[WebDriverException]\n        e = ErrorCode()\n        error_codes = [item for item in dir(e) if not item.startswith(\"__\")]\n        for error_code in error_codes:\n            error_info = getattr(ErrorCode, error_code)\n            if isinstance(error_info, list) and status in error_info:\n                exception_class = getattr(ExceptionMapping, error_code, WebDriverException)\n                break\n        else:\n            exception_class = WebDriverException\n    \n        if not value:\n            value = response[\"value\"]\n        if isinstance(value, str):\n            raise exception_class(value)\n        if message == \"\" and \"message\" in value:\n            message = value[\"message\"]\n    \n        screen = None  # type: ignore[assignment]\n        if \"screen\" in value:\n            screen = value[\"screen\"]\n    \n        stacktrace = None\n        st_value = value.get(\"stackTrace\") or value.get(\"stacktrace\")\n        if st_value:\n            if isinstance(st_value, str):\n                stacktrace = st_value.split(\"\\n\")\n            else:\n                stacktrace = []\n                try:\n                    for frame in st_value:\n                        line = frame.get(\"lineNumber\", \"\")\n                        file = frame.get(\"fileName\", \"<anonymous>\")\n                        if line:\n                            file = f\"{file}:{line}\"\n                        meth = frame.get(\"methodName\", \"<anonymous>\")\n                        if \"className\" in frame:\n                            meth = f\"{frame['className']}.{meth}\"\n                        msg = \"    at %s (%s)\"\n                        msg = msg % (meth, file)\n                        stacktrace.append(msg)\n                except TypeError:\n                    pass\n        if exception_class == UnexpectedAlertPresentException:\n            alert_text = None\n            if \"data\" in value:\n                alert_text = value[\"data\"].get(\"text\")\n            elif \"alert\" in value:\n                alert_text = value[\"alert\"].get(\"text\")\n            raise exception_class(message, screen, stacktrace, alert_text)  # type: ignore[call-arg]  # mypy is not smart enough here\n>       raise exception_class(message, screen, stacktrace)\nE       selenium.common.exceptions.NoSuchElementException: Message: no such element: Unable to locate element: {\"method\":\"xpath\",\"selector\":\"//*[@id=\"terms\"]\"}\nE         (Session info: chrome=132.0.6834.196); For documentation on this error, please visit: https://www.selenium.dev/documentation/webdriver/troubleshooting/errors#no-such-element-exception\nE       Stacktrace:\nE       \tGetHandleVerifier [0x002A74A3+25091]\nE       \t(No symbol) [0x0022DC04]\nE       \t(No symbol) [0x0010B373]\nE       \t(No symbol) [0x0014F4DC]\nE       \t(No symbol) [0x0014F65B]\nE       \t(No symbol) [0x0018D8E2]\nE       \t(No symbol) [0x00171F54]\nE       \t(No symbol) [0x0018B49E]\nE       \t(No symbol) [0x00171CA6]\nE       \t(No symbol) [0x001431D5]\nE       \t(No symbol) [0x0014435D]\nE       \tGetHandleVerifier [0x005A07C3+3142947]\nE       \tGetHandleVerifier [0x005B1A2B+3213195]\nE       \tGetHandleVerifier [0x005AC412+3191154]\nE       \tGetHandleVerifier [0x00348720+685184]\nE       \t(No symbol) [0x00236E1D]\nE       \t(No symbol) [0x00233E18]\nE       \t(No symbol) [0x00233FB6]\nE       \t(No symbol) [0x002266F0]\nE       \tBaseThreadInitThunk [0x761AFCC9+25]\nE       \tRtlGetAppContainerNamedObjectPath [0x77B6809E+286]\nE       \tRtlGetAppContainerNamedObjectPath [0x77B6806E+238]\nE       \t(No symbol) [0x00000000]\n\n..\\..\\..\\..\\miniconda3\\Lib\\site-packages\\selenium\\webdriver\\remote\\errorhandler.py:229: NoSuchElementException"}, "steps": [{"name": "Авторизоваться на сайте", "status": "passed", "steps": [{"name": "Переход на страницу https://pizzeria.skillbox.cc/my-account/", "status": "passed", "start": 1739035249057, "stop": 1739035254478}, {"name": "В поле \"Имя пользователя\" ввести \"Andrey7\"", "status": "passed", "start": 1739035254478, "stop": 1739035257556}, {"name": "В поле \"Пароль\" ввести \"1Pizza7\"", "status": "passed", "start": 1739035257556, "stop": 1739035260623}, {"name": "Нажать \"Войти\"", "status": "passed", "start": 1739035260623, "stop": 1739035264664}], "start": 1739035249057, "stop": 1739035267664}, {"name": "Добавить пиццу \"Ветчина и грибы\" в \"Корзину\"", "status": "passed", "start": 1739035267664, "stop": 1739035281181}, {"name": "Примените промокод GIVEMEHALYAVA.", "status": "passed", "start": 1739035281181, "stop": 1739035284268}, {"name": "Нажать \"Применить купон\"", "status": "passed", "start": 1739035284268, "stop": 1739035287347}, {"name": "Нажать \"Прейти к оплате\"", "status": "passed", "start": 1739035287347, "stop": 1739035290926}, {"name": "Нажать чек-бокс \"I have read and agree to the website terms and conditions\"", "status": "broken", "statusDetails": {"message": "selenium.common.exceptions.NoSuchElementException: Message: no such element: Unable to locate element: {\"method\":\"xpath\",\"selector\":\"//*[@id=\"terms\"]\"}\n  (Session info: chrome=132.0.6834.196); For documentation on this error, please visit: https://www.selenium.dev/documentation/webdriver/troubleshooting/errors#no-such-element-exception\nStacktrace:\n\tGetHandleVerifier [0x002A74A3+25091]\n\t(No symbol) [0x0022DC04]\n\t(No symbol) [0x0010B373]\n\t(No symbol) [0x0014F4DC]\n\t(No symbol) [0x0014F65B]\n\t(No symbol) [0x0018D8E2]\n\t(No symbol) [0x00171F54]\n\t(No symbol) [0x0018B49E]\n\t(No symbol) [0x00171CA6]\n\t(No symbol) [0x001431D5]\n\t(No symbol) [0x0014435D]\n\tGetHandleVerifier [0x005A07C3+3142947]\n\tGetHandleVerifier [0x005B1A2B+3213195]\n\tGetHandleVerifier [0x005AC412+3191154]\n\tGetHandleVerifier [0x00348720+685184]\n\t(No symbol) [0x00236E1D]\n\t(No symbol) [0x00233E18]\n\t(No symbol) [0x00233FB6]\n\t(No symbol) [0x002266F0]\n\tBaseThreadInitThunk [0x761AFCC9+25]\n\tRtlGetAppContainerNamedObjectPath [0x77B6809E+286]\n\tRtlGetAppContainerNamedObjectPath [0x77B6806E+238]\n\t(No symbol) [0x00000000]\n\n", "trace": "  File \"C:\\Users\\Serjan777\\PycharmProjects\\pythonProject\\Tests\\homework\\final_work.py\", line 308, in test_apply_promo_code_4\n    get_driver.find_element(By.XPATH, '//*[@id=\"terms\"]').click()\n    ^^^^^^^^^^^^^^^^^^^^^^^^^^^^^^^^^^^^^^^^^^^^^^^^^^^^^\n  File \"C:\\Users\\Serjan777\\miniconda3\\Lib\\site-packages\\selenium\\webdriver\\remote\\webdriver.py\", line 748, in find_element\n    return self.execute(Command.FIND_ELEMENT, {\"using\": by, \"value\": value})[\"value\"]\n           ^^^^^^^^^^^^^^^^^^^^^^^^^^^^^^^^^^^^^^^^^^^^^^^^^^^^^^^^^^^^^^^^^\n  File \"C:\\Users\\Serjan777\\miniconda3\\Lib\\site-packages\\selenium\\webdriver\\remote\\webdriver.py\", line 354, in execute\n    self.error_handler.check_response(response)\n  File \"C:\\Users\\Serjan777\\miniconda3\\Lib\\site-packages\\selenium\\webdriver\\remote\\errorhandler.py\", line 229, in check_response\n    raise exception_class(message, screen, stacktrace)\n"}, "start": 1739035290926, "stop": 1739035290941}], "attachments": [{"name": "log", "source": "ff734a65-b699-418d-a741-7c66fcf3b2ab-attachment.txt", "type": "text/plain"}], "start": 1739035249057, "stop": 1739035290947, "uuid": "b6e79b4c-4232-4a64-a35d-0ca211ff3edd", "historyId": "a8e5b66c08009dc5236cbe0810b969b7", "testCaseId": "a8e5b66c08009dc5236cbe0810b969b7", "fullName": "Tests.homework.final_work.TestValidate#test_apply_promo_code_4", "labels": [{"name": "feature", "value": "Full Accounts"}, {"name": "story", "value": "Waiting page load"}, {"name": "parentSuite", "value": "Tests.homework"}, {"name": "suite", "value": "final_work"}, {"name": "subSuite", "value": "TestValidate"}, {"name": "host", "value": "Admin"}, {"name": "thread", "value": "8720-MainThread"}, {"name": "framework", "value": "pytest"}, {"name": "language", "value": "cpython3"}, {"name": "package", "value": "Tests.homework.final_work"}]}